2023-48-26 INFO Starting Day12SwiggyApplication using Java 17.0.6 with PID 4500 (C:\Users\ss\Desktop\NewU6\Day12_Swiggy_With_All_Final\target\classes started by ss in C:\Users\ss\Desktop\NewU6\Day12_Swiggy_With_All_Final)
2023-48-26 DEBUG Running with Spring Boot v3.1.3, Spring v6.0.11
2023-48-26 INFO No active profile set, falling back to 1 default profile: "default"
2023-48-26 INFO Devtools property defaults active! Set 'spring.devtools.add-properties' to 'false' to disable
2023-48-26 INFO For additional web related logging consider setting the 'logging.level.web' property to 'DEBUG'
2023-48-26 INFO Bootstrapping Spring Data JPA repositories in DEFAULT mode.
2023-48-26 INFO Finished Spring Data repository scanning in 194 ms. Found 5 JPA repository interfaces.
2023-48-26 INFO Tomcat initialized with port(s): 9091 (http)
2023-48-26 INFO Starting service [Tomcat]
2023-48-26 INFO Starting Servlet engine: [Apache Tomcat/10.1.12]
2023-48-26 INFO Initializing Spring embedded WebApplicationContext
2023-48-26 INFO Root WebApplicationContext: initialization completed in 4658 ms
2023-48-26 INFO HHH000204: Processing PersistenceUnitInfo [name: default]
2023-48-26 INFO HHH000412: Hibernate ORM core version 6.2.7.Final
2023-48-26 INFO HHH000406: Using bytecode reflection optimizer
2023-48-26 INFO HHH000021: Bytecode provider name : bytebuddy
2023-48-26 INFO No LoadTimeWeaver setup: ignoring JPA class transformer
2023-48-26 INFO HikariPool-1 - Starting...
2023-48-26 INFO HikariPool-1 - Added connection com.mysql.cj.jdbc.ConnectionImpl@2992a89d
2023-48-26 INFO HikariPool-1 - Start completed.
2023-48-26 INFO HHH000021: Bytecode provider name : bytebuddy
2023-48-26 INFO HHH000490: Using JtaPlatform implementation: [org.hibernate.engine.transaction.jta.platform.internal.NoJtaPlatform]
2023-48-26 INFO Initialized JPA EntityManagerFactory for persistence unit 'default'
2023-49-26 INFO Hibernate is in classpath; If applicable, HQL parser will be used.
2023-49-26 WARN spring.jpa.open-in-view is enabled by default. Therefore, database queries may be performed during view rendering. Explicitly configure spring.jpa.open-in-view to disable this warning
2023-49-26 INFO LiveReload server is running on port 35729
2023-49-26 INFO Tomcat started on port(s): 9091 (http) with context path ''
2023-49-26 INFO Started Day12SwiggyApplication in 21.186 seconds (process running for 24.808)
2023-52-26 INFO Restarting due to 1 class path change (0 additions, 0 deletions, 1 modification)
2023-52-26 INFO Stopping service [Tomcat]
2023-52-26 INFO Closing JPA EntityManagerFactory for persistence unit 'default'
2023-52-26 INFO HikariPool-1 - Shutdown initiated...
2023-52-26 INFO HikariPool-1 - Shutdown completed.
2023-52-26 INFO Starting Day12SwiggyApplication using Java 17.0.6 with PID 4500 (C:\Users\ss\Desktop\NewU6\Day12_Swiggy_With_All_Final\target\classes started by ss in C:\Users\ss\Desktop\NewU6\Day12_Swiggy_With_All_Final)
2023-52-26 DEBUG Running with Spring Boot v3.1.3, Spring v6.0.11
2023-52-26 INFO No active profile set, falling back to 1 default profile: "default"
2023-52-26 INFO Bootstrapping Spring Data JPA repositories in DEFAULT mode.
2023-52-26 INFO Finished Spring Data repository scanning in 93 ms. Found 5 JPA repository interfaces.
2023-52-26 INFO Tomcat initialized with port(s): 9091 (http)
2023-52-26 INFO Starting service [Tomcat]
2023-52-26 INFO Starting Servlet engine: [Apache Tomcat/10.1.12]
2023-52-26 INFO Initializing Spring embedded WebApplicationContext
2023-52-26 INFO Root WebApplicationContext: initialization completed in 1796 ms
2023-52-26 INFO HHH000204: Processing PersistenceUnitInfo [name: default]
2023-52-26 INFO HHH000021: Bytecode provider name : bytebuddy
2023-52-26 INFO No LoadTimeWeaver setup: ignoring JPA class transformer
2023-52-26 INFO HikariPool-2 - Starting...
2023-52-26 INFO HikariPool-2 - Added connection com.mysql.cj.jdbc.ConnectionImpl@64acaca
2023-52-26 INFO HikariPool-2 - Start completed.
2023-52-26 INFO HHH000021: Bytecode provider name : bytebuddy
2023-52-26 INFO HHH000490: Using JtaPlatform implementation: [org.hibernate.engine.transaction.jta.platform.internal.NoJtaPlatform]
2023-52-26 INFO Initialized JPA EntityManagerFactory for persistence unit 'default'
2023-52-26 WARN spring.jpa.open-in-view is enabled by default. Therefore, database queries may be performed during view rendering. Explicitly configure spring.jpa.open-in-view to disable this warning
2023-52-26 INFO LiveReload server is running on port 35729
2023-52-26 INFO Tomcat started on port(s): 9091 (http) with context path ''
2023-52-26 INFO Started Day12SwiggyApplication in 6.346 seconds (process running for 258.591)
2023-52-26 INFO Condition evaluation unchanged
2023-53-26 INFO Restarting due to 1 class path change (0 additions, 0 deletions, 1 modification)
2023-53-26 INFO Stopping service [Tomcat]
2023-53-26 INFO Closing JPA EntityManagerFactory for persistence unit 'default'
2023-53-26 INFO HikariPool-2 - Shutdown initiated...
2023-53-26 INFO HikariPool-2 - Shutdown completed.
2023-53-26 INFO Starting Day12SwiggyApplication using Java 17.0.6 with PID 4500 (C:\Users\ss\Desktop\NewU6\Day12_Swiggy_With_All_Final\target\classes started by ss in C:\Users\ss\Desktop\NewU6\Day12_Swiggy_With_All_Final)
2023-53-26 DEBUG Running with Spring Boot v3.1.3, Spring v6.0.11
2023-53-26 INFO No active profile set, falling back to 1 default profile: "default"
2023-53-26 INFO Bootstrapping Spring Data JPA repositories in DEFAULT mode.
2023-53-26 INFO Finished Spring Data repository scanning in 133 ms. Found 5 JPA repository interfaces.
2023-53-26 INFO Tomcat initialized with port(s): 9091 (http)
2023-53-26 INFO Starting service [Tomcat]
2023-53-26 INFO Starting Servlet engine: [Apache Tomcat/10.1.12]
2023-53-26 INFO Initializing Spring embedded WebApplicationContext
2023-53-26 INFO Root WebApplicationContext: initialization completed in 3017 ms
2023-53-26 INFO HHH000204: Processing PersistenceUnitInfo [name: default]
2023-53-26 INFO HHH000021: Bytecode provider name : bytebuddy
2023-53-26 INFO No LoadTimeWeaver setup: ignoring JPA class transformer
2023-53-26 INFO HikariPool-3 - Starting...
2023-53-26 INFO HikariPool-3 - Added connection com.mysql.cj.jdbc.ConnectionImpl@424aa11f
2023-53-26 INFO HikariPool-3 - Start completed.
2023-53-26 INFO HHH000021: Bytecode provider name : bytebuddy
2023-53-26 INFO HHH000490: Using JtaPlatform implementation: [org.hibernate.engine.transaction.jta.platform.internal.NoJtaPlatform]
2023-53-26 INFO Initialized JPA EntityManagerFactory for persistence unit 'default'
2023-53-26 WARN spring.jpa.open-in-view is enabled by default. Therefore, database queries may be performed during view rendering. Explicitly configure spring.jpa.open-in-view to disable this warning
2023-53-26 INFO LiveReload server is running on port 35729
2023-53-26 INFO Tomcat started on port(s): 9091 (http) with context path ''
2023-53-26 INFO Started Day12SwiggyApplication in 6.16 seconds (process running for 266.552)
2023-53-26 INFO Condition evaluation unchanged
2023-53-26 INFO Starting Day12SwiggyApplication using Java 17.0.6 with PID 13520 (C:\Users\ss\Desktop\NewU6\Day12_Swiggy_With_All_Final\target\classes started by ss in C:\Users\ss\Desktop\NewU6\Day12_Swiggy_With_All_Final)
2023-53-26 DEBUG Running with Spring Boot v3.1.3, Spring v6.0.11
2023-53-26 INFO No active profile set, falling back to 1 default profile: "default"
2023-53-26 INFO Devtools property defaults active! Set 'spring.devtools.add-properties' to 'false' to disable
2023-53-26 INFO For additional web related logging consider setting the 'logging.level.web' property to 'DEBUG'
2023-53-26 INFO Bootstrapping Spring Data JPA repositories in DEFAULT mode.
2023-53-26 INFO Finished Spring Data repository scanning in 203 ms. Found 5 JPA repository interfaces.
2023-53-26 INFO Tomcat initialized with port(s): 9091 (http)
2023-53-26 INFO Starting service [Tomcat]
2023-53-26 INFO Starting Servlet engine: [Apache Tomcat/10.1.12]
2023-53-26 INFO Initializing Spring embedded WebApplicationContext
2023-53-26 INFO Root WebApplicationContext: initialization completed in 4141 ms
2023-53-26 INFO HHH000204: Processing PersistenceUnitInfo [name: default]
2023-53-26 INFO HHH000412: Hibernate ORM core version 6.2.7.Final
2023-53-26 INFO HHH000406: Using bytecode reflection optimizer
2023-53-26 INFO HHH000021: Bytecode provider name : bytebuddy
2023-53-26 INFO No LoadTimeWeaver setup: ignoring JPA class transformer
2023-53-26 INFO HikariPool-1 - Starting...
2023-53-26 INFO HikariPool-1 - Added connection com.mysql.cj.jdbc.ConnectionImpl@75c60cde
2023-53-26 INFO HikariPool-1 - Start completed.
2023-53-26 INFO HHH000021: Bytecode provider name : bytebuddy
2023-53-26 INFO HHH000490: Using JtaPlatform implementation: [org.hibernate.engine.transaction.jta.platform.internal.NoJtaPlatform]
2023-53-26 INFO Initialized JPA EntityManagerFactory for persistence unit 'default'
2023-53-26 INFO Hibernate is in classpath; If applicable, HQL parser will be used.
2023-53-26 WARN spring.jpa.open-in-view is enabled by default. Therefore, database queries may be performed during view rendering. Explicitly configure spring.jpa.open-in-view to disable this warning
2023-53-26 WARN Unable to start LiveReload server
2023-53-26 WARN Exception encountered during context initialization - cancelling refresh attempt: org.springframework.context.ApplicationContextException: Failed to start bean 'webServerStartStop'
2023-53-26 INFO Closing JPA EntityManagerFactory for persistence unit 'default'
2023-53-26 INFO HikariPool-1 - Shutdown initiated...
2023-53-26 INFO HikariPool-1 - Shutdown completed.
2023-53-26 INFO Stopping service [Tomcat]
2023-53-26 INFO 

Error starting ApplicationContext. To display the condition evaluation report re-run your application with 'debug' enabled.
2023-53-26 ERROR 

***************************
APPLICATION FAILED TO START
***************************

Description:

Web server failed to start. Port 9091 was already in use.

Action:

Identify and stop the process that's listening on port 9091 or configure this application to listen on another port.

2023-54-26 INFO Application shutdown requested.
2023-54-26 INFO Stopping service [Tomcat]
2023-54-26 INFO Closing JPA EntityManagerFactory for persistence unit 'default'
2023-54-26 INFO HikariPool-3 - Shutdown initiated...
2023-54-26 INFO HikariPool-3 - Shutdown completed.
2023-54-26 INFO Starting Day12SwiggyApplication using Java 17.0.6 with PID 3780 (C:\Users\ss\Desktop\NewU6\Day12_Swiggy_With_All_Final\target\classes started by ss in C:\Users\ss\Desktop\NewU6\Day12_Swiggy_With_All_Final)
2023-54-26 DEBUG Running with Spring Boot v3.1.3, Spring v6.0.11
2023-54-26 INFO No active profile set, falling back to 1 default profile: "default"
2023-54-26 INFO Devtools property defaults active! Set 'spring.devtools.add-properties' to 'false' to disable
2023-54-26 INFO For additional web related logging consider setting the 'logging.level.web' property to 'DEBUG'
2023-54-26 INFO Bootstrapping Spring Data JPA repositories in DEFAULT mode.
2023-54-26 INFO Finished Spring Data repository scanning in 175 ms. Found 5 JPA repository interfaces.
2023-54-26 INFO Tomcat initialized with port(s): 9091 (http)
2023-54-26 INFO Starting service [Tomcat]
2023-54-26 INFO Starting Servlet engine: [Apache Tomcat/10.1.12]
2023-54-26 INFO Initializing Spring embedded WebApplicationContext
2023-54-26 INFO Root WebApplicationContext: initialization completed in 3989 ms
2023-54-26 INFO HHH000204: Processing PersistenceUnitInfo [name: default]
2023-54-26 INFO HHH000412: Hibernate ORM core version 6.2.7.Final
2023-54-26 INFO HHH000406: Using bytecode reflection optimizer
2023-54-26 INFO HHH000021: Bytecode provider name : bytebuddy
2023-54-26 INFO No LoadTimeWeaver setup: ignoring JPA class transformer
2023-54-26 INFO HikariPool-1 - Starting...
2023-54-26 INFO HikariPool-1 - Added connection com.mysql.cj.jdbc.ConnectionImpl@45e34836
2023-54-26 INFO HikariPool-1 - Start completed.
2023-54-26 INFO HHH000021: Bytecode provider name : bytebuddy
2023-54-26 INFO HHH000490: Using JtaPlatform implementation: [org.hibernate.engine.transaction.jta.platform.internal.NoJtaPlatform]
2023-54-26 INFO Initialized JPA EntityManagerFactory for persistence unit 'default'
2023-54-26 INFO Hibernate is in classpath; If applicable, HQL parser will be used.
2023-54-26 WARN spring.jpa.open-in-view is enabled by default. Therefore, database queries may be performed during view rendering. Explicitly configure spring.jpa.open-in-view to disable this warning
2023-54-26 INFO LiveReload server is running on port 35729
2023-54-26 INFO Tomcat started on port(s): 9091 (http) with context path ''
2023-54-26 INFO Started Day12SwiggyApplication in 16.829 seconds (process running for 19.65)
2023-05-26 INFO Initializing Spring DispatcherServlet 'dispatcherServlet'
2023-05-26 INFO Initializing Servlet 'dispatcherServlet'
2023-05-26 INFO Completed initialization in 2 ms
2023-05-26 INFO Init duration for springdoc-openapi is: 296 ms
2023-05-26 INFO Received a request to add list of items: [com.masaischool.model.Item@4dfc294a]
2023-07-26 ERROR Exception found exception
org.springframework.dao.InvalidDataAccessApiUsageException: org.hibernate.TransientPropertyValueException: object references an unsaved transient instance - save the transient instance before flushing : com.masaischool.model.Item.order -> com.masaischool.model.Order
	at org.springframework.orm.jpa.EntityManagerFactoryUtils.convertJpaAccessExceptionIfPossible(EntityManagerFactoryUtils.java:368)
	at org.springframework.orm.jpa.vendor.HibernateJpaDialect.translateExceptionIfPossible(HibernateJpaDialect.java:234)
	at org.springframework.orm.jpa.JpaTransactionManager.doCommit(JpaTransactionManager.java:565)
	at org.springframework.transaction.support.AbstractPlatformTransactionManager.processCommit(AbstractPlatformTransactionManager.java:743)
	at org.springframework.transaction.support.AbstractPlatformTransactionManager.commit(AbstractPlatformTransactionManager.java:711)
	at org.springframework.transaction.interceptor.TransactionAspectSupport.commitTransactionAfterReturning(TransactionAspectSupport.java:660)
	at org.springframework.transaction.interceptor.TransactionAspectSupport.invokeWithinTransaction(TransactionAspectSupport.java:410)
	at org.springframework.transaction.interceptor.TransactionInterceptor.invoke(TransactionInterceptor.java:119)
	at org.springframework.aop.framework.ReflectiveMethodInvocation.proceed(ReflectiveMethodInvocation.java:184)
	at org.springframework.dao.support.PersistenceExceptionTranslationInterceptor.invoke(PersistenceExceptionTranslationInterceptor.java:137)
	at org.springframework.aop.framework.ReflectiveMethodInvocation.proceed(ReflectiveMethodInvocation.java:184)
	at org.springframework.data.jpa.repository.support.CrudMethodMetadataPostProcessor$CrudMethodMetadataPopulatingMethodInterceptor.invoke(CrudMethodMetadataPostProcessor.java:164)
	at org.springframework.aop.framework.ReflectiveMethodInvocation.proceed(ReflectiveMethodInvocation.java:184)
	at org.springframework.aop.interceptor.ExposeInvocationInterceptor.invoke(ExposeInvocationInterceptor.java:97)
	at org.springframework.aop.framework.ReflectiveMethodInvocation.proceed(ReflectiveMethodInvocation.java:184)
	at org.springframework.aop.framework.JdkDynamicAopProxy.invoke(JdkDynamicAopProxy.java:244)
	at jdk.proxy4/jdk.proxy4.$Proxy132.save(Unknown Source)
	at com.masaischool.serviceimpl.OrderServiceImpl.placeOrder(OrderServiceImpl.java:146)
	at com.masaischool.controller.OrderController.placeOrder(OrderController.java:35)
	at java.base/jdk.internal.reflect.NativeMethodAccessorImpl.invoke0(Native Method)
	at java.base/jdk.internal.reflect.NativeMethodAccessorImpl.invoke(NativeMethodAccessorImpl.java:77)
	at java.base/jdk.internal.reflect.DelegatingMethodAccessorImpl.invoke(DelegatingMethodAccessorImpl.java:43)
	at java.base/java.lang.reflect.Method.invoke(Method.java:568)
	at org.springframework.web.method.support.InvocableHandlerMethod.doInvoke(InvocableHandlerMethod.java:205)
	at org.springframework.web.method.support.InvocableHandlerMethod.invokeForRequest(InvocableHandlerMethod.java:150)
	at org.springframework.web.servlet.mvc.method.annotation.ServletInvocableHandlerMethod.invokeAndHandle(ServletInvocableHandlerMethod.java:118)
	at org.springframework.web.servlet.mvc.method.annotation.RequestMappingHandlerAdapter.invokeHandlerMethod(RequestMappingHandlerAdapter.java:884)
	at org.springframework.web.servlet.mvc.method.annotation.RequestMappingHandlerAdapter.handleInternal(RequestMappingHandlerAdapter.java:797)
	at org.springframework.web.servlet.mvc.method.AbstractHandlerMethodAdapter.handle(AbstractHandlerMethodAdapter.java:87)
	at org.springframework.web.servlet.DispatcherServlet.doDispatch(DispatcherServlet.java:1081)
	at org.springframework.web.servlet.DispatcherServlet.doService(DispatcherServlet.java:974)
	at org.springframework.web.servlet.FrameworkServlet.processRequest(FrameworkServlet.java:1011)
	at org.springframework.web.servlet.FrameworkServlet.doPost(FrameworkServlet.java:914)
	at jakarta.servlet.http.HttpServlet.service(HttpServlet.java:590)
	at org.springframework.web.servlet.FrameworkServlet.service(FrameworkServlet.java:885)
	at jakarta.servlet.http.HttpServlet.service(HttpServlet.java:658)
	at org.apache.catalina.core.ApplicationFilterChain.internalDoFilter(ApplicationFilterChain.java:205)
	at org.apache.catalina.core.ApplicationFilterChain.doFilter(ApplicationFilterChain.java:149)
	at org.apache.tomcat.websocket.server.WsFilter.doFilter(WsFilter.java:51)
	at org.apache.catalina.core.ApplicationFilterChain.internalDoFilter(ApplicationFilterChain.java:174)
	at org.apache.catalina.core.ApplicationFilterChain.doFilter(ApplicationFilterChain.java:149)
	at org.springframework.web.filter.RequestContextFilter.doFilterInternal(RequestContextFilter.java:100)
	at org.springframework.web.filter.OncePerRequestFilter.doFilter(OncePerRequestFilter.java:116)
	at org.apache.catalina.core.ApplicationFilterChain.internalDoFilter(ApplicationFilterChain.java:174)
	at org.apache.catalina.core.ApplicationFilterChain.doFilter(ApplicationFilterChain.java:149)
	at org.springframework.web.filter.FormContentFilter.doFilterInternal(FormContentFilter.java:93)
	at org.springframework.web.filter.OncePerRequestFilter.doFilter(OncePerRequestFilter.java:116)
	at org.apache.catalina.core.ApplicationFilterChain.internalDoFilter(ApplicationFilterChain.java:174)
	at org.apache.catalina.core.ApplicationFilterChain.doFilter(ApplicationFilterChain.java:149)
	at org.springframework.web.filter.CharacterEncodingFilter.doFilterInternal(CharacterEncodingFilter.java:201)
	at org.springframework.web.filter.OncePerRequestFilter.doFilter(OncePerRequestFilter.java:116)
	at org.apache.catalina.core.ApplicationFilterChain.internalDoFilter(ApplicationFilterChain.java:174)
	at org.apache.catalina.core.ApplicationFilterChain.doFilter(ApplicationFilterChain.java:149)
	at org.apache.catalina.core.StandardWrapperValve.invoke(StandardWrapperValve.java:166)
	at org.apache.catalina.core.StandardContextValve.invoke(StandardContextValve.java:90)
	at org.apache.catalina.authenticator.AuthenticatorBase.invoke(AuthenticatorBase.java:482)
	at org.apache.catalina.core.StandardHostValve.invoke(StandardHostValve.java:115)
	at org.apache.catalina.valves.ErrorReportValve.invoke(ErrorReportValve.java:93)
	at org.apache.catalina.core.StandardEngineValve.invoke(StandardEngineValve.java:74)
	at org.apache.catalina.connector.CoyoteAdapter.service(CoyoteAdapter.java:341)
	at org.apache.coyote.http11.Http11Processor.service(Http11Processor.java:391)
	at org.apache.coyote.AbstractProcessorLight.process(AbstractProcessorLight.java:63)
	at org.apache.coyote.AbstractProtocol$ConnectionHandler.process(AbstractProtocol.java:894)
	at org.apache.tomcat.util.net.NioEndpoint$SocketProcessor.doRun(NioEndpoint.java:1740)
	at org.apache.tomcat.util.net.SocketProcessorBase.run(SocketProcessorBase.java:52)
	at org.apache.tomcat.util.threads.ThreadPoolExecutor.runWorker(ThreadPoolExecutor.java:1191)
	at org.apache.tomcat.util.threads.ThreadPoolExecutor$Worker.run(ThreadPoolExecutor.java:659)
	at org.apache.tomcat.util.threads.TaskThread$WrappingRunnable.run(TaskThread.java:61)
	at java.base/java.lang.Thread.run(Thread.java:833)
Caused by: java.lang.IllegalStateException: org.hibernate.TransientPropertyValueException: object references an unsaved transient instance - save the transient instance before flushing : com.masaischool.model.Item.order -> com.masaischool.model.Order
	at org.hibernate.internal.ExceptionConverterImpl.convert(ExceptionConverterImpl.java:152)
	at org.hibernate.internal.ExceptionConverterImpl.convert(ExceptionConverterImpl.java:162)
	at org.hibernate.internal.ExceptionConverterImpl.convert(ExceptionConverterImpl.java:168)
	at org.hibernate.internal.SessionImpl.doFlush(SessionImpl.java:1416)
	at org.hibernate.internal.SessionImpl.managedFlush(SessionImpl.java:485)
	at org.hibernate.internal.SessionImpl.flushBeforeTransactionCompletion(SessionImpl.java:2301)
	at org.hibernate.internal.SessionImpl.beforeTransactionCompletion(SessionImpl.java:1966)
	at org.hibernate.engine.jdbc.internal.JdbcCoordinatorImpl.beforeTransactionCompletion(JdbcCoordinatorImpl.java:439)
	at org.hibernate.resource.transaction.backend.jdbc.internal.JdbcResourceLocalTransactionCoordinatorImpl.beforeCompletionCallback(JdbcResourceLocalTransactionCoordinatorImpl.java:169)
	at org.hibernate.resource.transaction.backend.jdbc.internal.JdbcResourceLocalTransactionCoordinatorImpl$TransactionDriverControlImpl.commit(JdbcResourceLocalTransactionCoordinatorImpl.java:267)
	at org.hibernate.engine.transaction.internal.TransactionImpl.commit(TransactionImpl.java:101)
	at org.springframework.orm.jpa.JpaTransactionManager.doCommit(JpaTransactionManager.java:561)
	... 66 common frames omitted
Caused by: org.hibernate.TransientPropertyValueException: object references an unsaved transient instance - save the transient instance before flushing : com.masaischool.model.Item.order -> com.masaischool.model.Order
	at org.hibernate.engine.spi.CascadingActions$8.noCascade(CascadingActions.java:372)
	at org.hibernate.engine.internal.Cascade.cascade(Cascade.java:169)
	at org.hibernate.event.internal.AbstractSaveEventListener.cascadeBeforeSave(AbstractSaveEventListener.java:459)
	at org.hibernate.event.internal.DefaultPersistEventListener.justCascade(DefaultPersistEventListener.java:160)
	at org.hibernate.event.internal.DefaultPersistEventListener.entityIsPersistent(DefaultPersistEventListener.java:154)
	at org.hibernate.event.internal.DefaultPersistEventListener.persist(DefaultPersistEventListener.java:90)
	at org.hibernate.event.internal.DefaultPersistEventListener.onPersist(DefaultPersistEventListener.java:77)
	at org.hibernate.event.service.internal.EventListenerGroupImpl.fireEventOnEachListener(EventListenerGroupImpl.java:138)
	at org.hibernate.internal.SessionImpl.persistOnFlush(SessionImpl.java:819)
	at org.hibernate.engine.spi.CascadingActions$8.cascade(CascadingActions.java:333)
	at org.hibernate.engine.spi.CascadingActions$8.cascade(CascadingActions.java:323)
	at org.hibernate.engine.internal.Cascade.cascadeToOne(Cascade.java:513)
	at org.hibernate.engine.internal.Cascade.cascadeAssociation(Cascade.java:434)
	at org.hibernate.engine.internal.Cascade.cascadeProperty(Cascade.java:220)
	at org.hibernate.engine.internal.Cascade.cascadeCollectionElements(Cascade.java:547)
	at org.hibernate.engine.internal.Cascade.cascadeCollection(Cascade.java:477)
	at org.hibernate.engine.internal.Cascade.cascadeAssociation(Cascade.java:437)
	at org.hibernate.engine.internal.Cascade.cascadeProperty(Cascade.java:220)
	at org.hibernate.engine.internal.Cascade.cascade(Cascade.java:153)
	at org.hibernate.event.internal.AbstractFlushingEventListener.cascadeOnFlush(AbstractFlushingEventListener.java:155)
	at org.hibernate.event.internal.AbstractFlushingEventListener.prepareEntityFlushes(AbstractFlushingEventListener.java:145)
	at org.hibernate.event.internal.AbstractFlushingEventListener.flushEverythingToExecutions(AbstractFlushingEventListener.java:79)
	at org.hibernate.event.internal.DefaultFlushEventListener.onFlush(DefaultFlushEventListener.java:38)
	at org.hibernate.event.service.internal.EventListenerGroupImpl.fireEventOnEachListener(EventListenerGroupImpl.java:127)
	at org.hibernate.internal.SessionImpl.doFlush(SessionImpl.java:1412)
	... 74 common frames omitted
2023-07-26 WARN Resolved [org.springframework.dao.InvalidDataAccessApiUsageException: org.hibernate.TransientPropertyValueException: object references an unsaved transient instance - save the transient instance before flushing : com.masaischool.model.Item.order -> com.masaischool.model.Order]
2023-09-26 INFO Restarting due to 1 class path change (0 additions, 0 deletions, 1 modification)
2023-09-26 INFO Stopping service [Tomcat]
2023-09-26 INFO Destroying Spring FrameworkServlet 'dispatcherServlet'
2023-09-26 INFO Closing JPA EntityManagerFactory for persistence unit 'default'
2023-09-26 INFO HikariPool-1 - Shutdown initiated...
2023-09-26 INFO HikariPool-1 - Shutdown completed.
2023-09-26 INFO Starting Day12SwiggyApplication using Java 17.0.6 with PID 3780 (C:\Users\ss\Desktop\NewU6\Day12_Swiggy_With_All_Final\target\classes started by ss in C:\Users\ss\Desktop\NewU6\Day12_Swiggy_With_All_Final)
2023-09-26 DEBUG Running with Spring Boot v3.1.3, Spring v6.0.11
2023-09-26 INFO No active profile set, falling back to 1 default profile: "default"
2023-09-26 INFO Bootstrapping Spring Data JPA repositories in DEFAULT mode.
2023-09-26 INFO Finished Spring Data repository scanning in 16 ms. Found 5 JPA repository interfaces.
2023-09-26 INFO Tomcat initialized with port(s): 9091 (http)
2023-09-26 INFO Starting service [Tomcat]
2023-09-26 INFO Starting Servlet engine: [Apache Tomcat/10.1.12]
2023-09-26 INFO Initializing Spring embedded WebApplicationContext
2023-09-26 INFO Root WebApplicationContext: initialization completed in 340 ms
2023-09-26 INFO HHH000204: Processing PersistenceUnitInfo [name: default]
2023-09-26 INFO HHH000021: Bytecode provider name : bytebuddy
2023-09-26 INFO No LoadTimeWeaver setup: ignoring JPA class transformer
2023-09-26 INFO HikariPool-2 - Starting...
2023-09-26 INFO HikariPool-2 - Added connection com.mysql.cj.jdbc.ConnectionImpl@6c6022de
2023-09-26 INFO HikariPool-2 - Start completed.
2023-09-26 INFO HHH000021: Bytecode provider name : bytebuddy
2023-09-26 INFO HHH000490: Using JtaPlatform implementation: [org.hibernate.engine.transaction.jta.platform.internal.NoJtaPlatform]
2023-09-26 INFO Initialized JPA EntityManagerFactory for persistence unit 'default'
2023-09-26 WARN spring.jpa.open-in-view is enabled by default. Therefore, database queries may be performed during view rendering. Explicitly configure spring.jpa.open-in-view to disable this warning
2023-09-26 INFO LiveReload server is running on port 35729
2023-09-26 INFO Tomcat started on port(s): 9091 (http) with context path ''
2023-09-26 INFO Started Day12SwiggyApplication in 1.197 seconds (process running for 928.243)
2023-09-26 INFO Condition evaluation unchanged
2023-10-26 INFO Initializing Spring DispatcherServlet 'dispatcherServlet'
2023-10-26 INFO Initializing Servlet 'dispatcherServlet'
2023-10-26 INFO Completed initialization in 2 ms
2023-10-26 ERROR Exception found exception
org.springframework.dao.InvalidDataAccessApiUsageException: org.hibernate.TransientPropertyValueException: object references an unsaved transient instance - save the transient instance before flushing : com.masaischool.model.Item.order -> com.masaischool.model.Order
	at org.springframework.orm.jpa.EntityManagerFactoryUtils.convertJpaAccessExceptionIfPossible(EntityManagerFactoryUtils.java:368) ~[spring-orm-6.0.11.jar:6.0.11]
	at org.springframework.orm.jpa.vendor.HibernateJpaDialect.translateExceptionIfPossible(HibernateJpaDialect.java:234) ~[spring-orm-6.0.11.jar:6.0.11]
	at org.springframework.orm.jpa.JpaTransactionManager.doCommit(JpaTransactionManager.java:565) ~[spring-orm-6.0.11.jar:6.0.11]
	at org.springframework.transaction.support.AbstractPlatformTransactionManager.processCommit(AbstractPlatformTransactionManager.java:743) ~[spring-tx-6.0.11.jar:6.0.11]
	at org.springframework.transaction.support.AbstractPlatformTransactionManager.commit(AbstractPlatformTransactionManager.java:711) ~[spring-tx-6.0.11.jar:6.0.11]
	at org.springframework.transaction.interceptor.TransactionAspectSupport.commitTransactionAfterReturning(TransactionAspectSupport.java:660) ~[spring-tx-6.0.11.jar:6.0.11]
	at org.springframework.transaction.interceptor.TransactionAspectSupport.invokeWithinTransaction(TransactionAspectSupport.java:410) ~[spring-tx-6.0.11.jar:6.0.11]
	at org.springframework.transaction.interceptor.TransactionInterceptor.invoke(TransactionInterceptor.java:119) ~[spring-tx-6.0.11.jar:6.0.11]
	at org.springframework.aop.framework.ReflectiveMethodInvocation.proceed(ReflectiveMethodInvocation.java:184) ~[spring-aop-6.0.11.jar:6.0.11]
	at org.springframework.dao.support.PersistenceExceptionTranslationInterceptor.invoke(PersistenceExceptionTranslationInterceptor.java:137) ~[spring-tx-6.0.11.jar:6.0.11]
	at org.springframework.aop.framework.ReflectiveMethodInvocation.proceed(ReflectiveMethodInvocation.java:184) ~[spring-aop-6.0.11.jar:6.0.11]
	at org.springframework.data.jpa.repository.support.CrudMethodMetadataPostProcessor$CrudMethodMetadataPopulatingMethodInterceptor.invoke(CrudMethodMetadataPostProcessor.java:164) ~[spring-data-jpa-3.1.3.jar:3.1.3]
	at org.springframework.aop.framework.ReflectiveMethodInvocation.proceed(ReflectiveMethodInvocation.java:184) ~[spring-aop-6.0.11.jar:6.0.11]
	at org.springframework.aop.interceptor.ExposeInvocationInterceptor.invoke(ExposeInvocationInterceptor.java:97) ~[spring-aop-6.0.11.jar:6.0.11]
	at org.springframework.aop.framework.ReflectiveMethodInvocation.proceed(ReflectiveMethodInvocation.java:184) ~[spring-aop-6.0.11.jar:6.0.11]
	at org.springframework.aop.framework.JdkDynamicAopProxy.invoke(JdkDynamicAopProxy.java:244) ~[spring-aop-6.0.11.jar:6.0.11]
	at jdk.proxy5/jdk.proxy5.$Proxy165.save(Unknown Source) ~[na:na]
	at com.masaischool.serviceimpl.OrderServiceImpl.placeOrder(OrderServiceImpl.java:146) ~[classes/:na]
	at com.masaischool.controller.OrderController.placeOrder(OrderController.java:35) ~[classes/:na]
	at java.base/jdk.internal.reflect.NativeMethodAccessorImpl.invoke0(Native Method) ~[na:na]
	at java.base/jdk.internal.reflect.NativeMethodAccessorImpl.invoke(NativeMethodAccessorImpl.java:77) ~[na:na]
	at java.base/jdk.internal.reflect.DelegatingMethodAccessorImpl.invoke(DelegatingMethodAccessorImpl.java:43) ~[na:na]
	at java.base/java.lang.reflect.Method.invoke(Method.java:568) ~[na:na]
	at org.springframework.web.method.support.InvocableHandlerMethod.doInvoke(InvocableHandlerMethod.java:205) ~[spring-web-6.0.11.jar:6.0.11]
	at org.springframework.web.method.support.InvocableHandlerMethod.invokeForRequest(InvocableHandlerMethod.java:150) ~[spring-web-6.0.11.jar:6.0.11]
	at org.springframework.web.servlet.mvc.method.annotation.ServletInvocableHandlerMethod.invokeAndHandle(ServletInvocableHandlerMethod.java:118) ~[spring-webmvc-6.0.11.jar:6.0.11]
	at org.springframework.web.servlet.mvc.method.annotation.RequestMappingHandlerAdapter.invokeHandlerMethod(RequestMappingHandlerAdapter.java:884) ~[spring-webmvc-6.0.11.jar:6.0.11]
	at org.springframework.web.servlet.mvc.method.annotation.RequestMappingHandlerAdapter.handleInternal(RequestMappingHandlerAdapter.java:797) ~[spring-webmvc-6.0.11.jar:6.0.11]
	at org.springframework.web.servlet.mvc.method.AbstractHandlerMethodAdapter.handle(AbstractHandlerMethodAdapter.java:87) ~[spring-webmvc-6.0.11.jar:6.0.11]
	at org.springframework.web.servlet.DispatcherServlet.doDispatch(DispatcherServlet.java:1081) ~[spring-webmvc-6.0.11.jar:6.0.11]
	at org.springframework.web.servlet.DispatcherServlet.doService(DispatcherServlet.java:974) ~[spring-webmvc-6.0.11.jar:6.0.11]
	at org.springframework.web.servlet.FrameworkServlet.processRequest(FrameworkServlet.java:1011) ~[spring-webmvc-6.0.11.jar:6.0.11]
	at org.springframework.web.servlet.FrameworkServlet.doPost(FrameworkServlet.java:914) ~[spring-webmvc-6.0.11.jar:6.0.11]
	at jakarta.servlet.http.HttpServlet.service(HttpServlet.java:590) ~[tomcat-embed-core-10.1.12.jar:6.0]
	at org.springframework.web.servlet.FrameworkServlet.service(FrameworkServlet.java:885) ~[spring-webmvc-6.0.11.jar:6.0.11]
	at jakarta.servlet.http.HttpServlet.service(HttpServlet.java:658) ~[tomcat-embed-core-10.1.12.jar:6.0]
	at org.apache.catalina.core.ApplicationFilterChain.internalDoFilter(ApplicationFilterChain.java:205) ~[tomcat-embed-core-10.1.12.jar:10.1.12]
	at org.apache.catalina.core.ApplicationFilterChain.doFilter(ApplicationFilterChain.java:149) ~[tomcat-embed-core-10.1.12.jar:10.1.12]
	at org.apache.tomcat.websocket.server.WsFilter.doFilter(WsFilter.java:51) ~[tomcat-embed-websocket-10.1.12.jar:10.1.12]
	at org.apache.catalina.core.ApplicationFilterChain.internalDoFilter(ApplicationFilterChain.java:174) ~[tomcat-embed-core-10.1.12.jar:10.1.12]
	at org.apache.catalina.core.ApplicationFilterChain.doFilter(ApplicationFilterChain.java:149) ~[tomcat-embed-core-10.1.12.jar:10.1.12]
	at org.springframework.web.filter.RequestContextFilter.doFilterInternal(RequestContextFilter.java:100) ~[spring-web-6.0.11.jar:6.0.11]
	at org.springframework.web.filter.OncePerRequestFilter.doFilter(OncePerRequestFilter.java:116) ~[spring-web-6.0.11.jar:6.0.11]
	at org.apache.catalina.core.ApplicationFilterChain.internalDoFilter(ApplicationFilterChain.java:174) ~[tomcat-embed-core-10.1.12.jar:10.1.12]
	at org.apache.catalina.core.ApplicationFilterChain.doFilter(ApplicationFilterChain.java:149) ~[tomcat-embed-core-10.1.12.jar:10.1.12]
	at org.springframework.web.filter.FormContentFilter.doFilterInternal(FormContentFilter.java:93) ~[spring-web-6.0.11.jar:6.0.11]
	at org.springframework.web.filter.OncePerRequestFilter.doFilter(OncePerRequestFilter.java:116) ~[spring-web-6.0.11.jar:6.0.11]
	at org.apache.catalina.core.ApplicationFilterChain.internalDoFilter(ApplicationFilterChain.java:174) ~[tomcat-embed-core-10.1.12.jar:10.1.12]
	at org.apache.catalina.core.ApplicationFilterChain.doFilter(ApplicationFilterChain.java:149) ~[tomcat-embed-core-10.1.12.jar:10.1.12]
	at org.springframework.web.filter.CharacterEncodingFilter.doFilterInternal(CharacterEncodingFilter.java:201) ~[spring-web-6.0.11.jar:6.0.11]
	at org.springframework.web.filter.OncePerRequestFilter.doFilter(OncePerRequestFilter.java:116) ~[spring-web-6.0.11.jar:6.0.11]
	at org.apache.catalina.core.ApplicationFilterChain.internalDoFilter(ApplicationFilterChain.java:174) ~[tomcat-embed-core-10.1.12.jar:10.1.12]
	at org.apache.catalina.core.ApplicationFilterChain.doFilter(ApplicationFilterChain.java:149) ~[tomcat-embed-core-10.1.12.jar:10.1.12]
	at org.apache.catalina.core.StandardWrapperValve.invoke(StandardWrapperValve.java:166) ~[tomcat-embed-core-10.1.12.jar:10.1.12]
	at org.apache.catalina.core.StandardContextValve.invoke(StandardContextValve.java:90) ~[tomcat-embed-core-10.1.12.jar:10.1.12]
	at org.apache.catalina.authenticator.AuthenticatorBase.invoke(AuthenticatorBase.java:482) ~[tomcat-embed-core-10.1.12.jar:10.1.12]
	at org.apache.catalina.core.StandardHostValve.invoke(StandardHostValve.java:115) ~[tomcat-embed-core-10.1.12.jar:10.1.12]
	at org.apache.catalina.valves.ErrorReportValve.invoke(ErrorReportValve.java:93) ~[tomcat-embed-core-10.1.12.jar:10.1.12]
	at org.apache.catalina.core.StandardEngineValve.invoke(StandardEngineValve.java:74) ~[tomcat-embed-core-10.1.12.jar:10.1.12]
	at org.apache.catalina.connector.CoyoteAdapter.service(CoyoteAdapter.java:341) ~[tomcat-embed-core-10.1.12.jar:10.1.12]
	at org.apache.coyote.http11.Http11Processor.service(Http11Processor.java:391) ~[tomcat-embed-core-10.1.12.jar:10.1.12]
	at org.apache.coyote.AbstractProcessorLight.process(AbstractProcessorLight.java:63) ~[tomcat-embed-core-10.1.12.jar:10.1.12]
	at org.apache.coyote.AbstractProtocol$ConnectionHandler.process(AbstractProtocol.java:894) ~[tomcat-embed-core-10.1.12.jar:10.1.12]
	at org.apache.tomcat.util.net.NioEndpoint$SocketProcessor.doRun(NioEndpoint.java:1740) ~[tomcat-embed-core-10.1.12.jar:10.1.12]
	at org.apache.tomcat.util.net.SocketProcessorBase.run(SocketProcessorBase.java:52) ~[tomcat-embed-core-10.1.12.jar:10.1.12]
	at org.apache.tomcat.util.threads.ThreadPoolExecutor.runWorker(ThreadPoolExecutor.java:1191) ~[tomcat-embed-core-10.1.12.jar:10.1.12]
	at org.apache.tomcat.util.threads.ThreadPoolExecutor$Worker.run(ThreadPoolExecutor.java:659) ~[tomcat-embed-core-10.1.12.jar:10.1.12]
	at org.apache.tomcat.util.threads.TaskThread$WrappingRunnable.run(TaskThread.java:61) ~[tomcat-embed-core-10.1.12.jar:10.1.12]
	at java.base/java.lang.Thread.run(Thread.java:833) ~[na:na]
Caused by: java.lang.IllegalStateException: org.hibernate.TransientPropertyValueException: object references an unsaved transient instance - save the transient instance before flushing : com.masaischool.model.Item.order -> com.masaischool.model.Order
	at org.hibernate.internal.ExceptionConverterImpl.convert(ExceptionConverterImpl.java:152) ~[hibernate-core-6.2.7.Final.jar:6.2.7.Final]
	at org.hibernate.internal.ExceptionConverterImpl.convert(ExceptionConverterImpl.java:162) ~[hibernate-core-6.2.7.Final.jar:6.2.7.Final]
	at org.hibernate.internal.ExceptionConverterImpl.convert(ExceptionConverterImpl.java:168) ~[hibernate-core-6.2.7.Final.jar:6.2.7.Final]
	at org.hibernate.internal.SessionImpl.doFlush(SessionImpl.java:1416) ~[hibernate-core-6.2.7.Final.jar:6.2.7.Final]
	at org.hibernate.internal.SessionImpl.managedFlush(SessionImpl.java:485) ~[hibernate-core-6.2.7.Final.jar:6.2.7.Final]
	at org.hibernate.internal.SessionImpl.flushBeforeTransactionCompletion(SessionImpl.java:2301) ~[hibernate-core-6.2.7.Final.jar:6.2.7.Final]
	at org.hibernate.internal.SessionImpl.beforeTransactionCompletion(SessionImpl.java:1966) ~[hibernate-core-6.2.7.Final.jar:6.2.7.Final]
	at org.hibernate.engine.jdbc.internal.JdbcCoordinatorImpl.beforeTransactionCompletion(JdbcCoordinatorImpl.java:439) ~[hibernate-core-6.2.7.Final.jar:6.2.7.Final]
	at org.hibernate.resource.transaction.backend.jdbc.internal.JdbcResourceLocalTransactionCoordinatorImpl.beforeCompletionCallback(JdbcResourceLocalTransactionCoordinatorImpl.java:169) ~[hibernate-core-6.2.7.Final.jar:6.2.7.Final]
	at org.hibernate.resource.transaction.backend.jdbc.internal.JdbcResourceLocalTransactionCoordinatorImpl$TransactionDriverControlImpl.commit(JdbcResourceLocalTransactionCoordinatorImpl.java:267) ~[hibernate-core-6.2.7.Final.jar:6.2.7.Final]
	at org.hibernate.engine.transaction.internal.TransactionImpl.commit(TransactionImpl.java:101) ~[hibernate-core-6.2.7.Final.jar:6.2.7.Final]
	at org.springframework.orm.jpa.JpaTransactionManager.doCommit(JpaTransactionManager.java:561) ~[spring-orm-6.0.11.jar:6.0.11]
	... 66 common frames omitted
Caused by: org.hibernate.TransientPropertyValueException: object references an unsaved transient instance - save the transient instance before flushing : com.masaischool.model.Item.order -> com.masaischool.model.Order
	at org.hibernate.engine.spi.CascadingActions$8.noCascade(CascadingActions.java:372) ~[hibernate-core-6.2.7.Final.jar:6.2.7.Final]
	at org.hibernate.engine.internal.Cascade.cascade(Cascade.java:169) ~[hibernate-core-6.2.7.Final.jar:6.2.7.Final]
	at org.hibernate.event.internal.AbstractSaveEventListener.cascadeBeforeSave(AbstractSaveEventListener.java:459) ~[hibernate-core-6.2.7.Final.jar:6.2.7.Final]
	at org.hibernate.event.internal.DefaultPersistEventListener.justCascade(DefaultPersistEventListener.java:160) ~[hibernate-core-6.2.7.Final.jar:6.2.7.Final]
	at org.hibernate.event.internal.DefaultPersistEventListener.entityIsPersistent(DefaultPersistEventListener.java:154) ~[hibernate-core-6.2.7.Final.jar:6.2.7.Final]
	at org.hibernate.event.internal.DefaultPersistEventListener.persist(DefaultPersistEventListener.java:90) ~[hibernate-core-6.2.7.Final.jar:6.2.7.Final]
	at org.hibernate.event.internal.DefaultPersistEventListener.onPersist(DefaultPersistEventListener.java:77) ~[hibernate-core-6.2.7.Final.jar:6.2.7.Final]
	at org.hibernate.event.service.internal.EventListenerGroupImpl.fireEventOnEachListener(EventListenerGroupImpl.java:138) ~[hibernate-core-6.2.7.Final.jar:6.2.7.Final]
	at org.hibernate.internal.SessionImpl.persistOnFlush(SessionImpl.java:819) ~[hibernate-core-6.2.7.Final.jar:6.2.7.Final]
	at org.hibernate.engine.spi.CascadingActions$8.cascade(CascadingActions.java:333) ~[hibernate-core-6.2.7.Final.jar:6.2.7.Final]
	at org.hibernate.engine.spi.CascadingActions$8.cascade(CascadingActions.java:323) ~[hibernate-core-6.2.7.Final.jar:6.2.7.Final]
	at org.hibernate.engine.internal.Cascade.cascadeToOne(Cascade.java:513) ~[hibernate-core-6.2.7.Final.jar:6.2.7.Final]
	at org.hibernate.engine.internal.Cascade.cascadeAssociation(Cascade.java:434) ~[hibernate-core-6.2.7.Final.jar:6.2.7.Final]
	at org.hibernate.engine.internal.Cascade.cascadeProperty(Cascade.java:220) ~[hibernate-core-6.2.7.Final.jar:6.2.7.Final]
	at org.hibernate.engine.internal.Cascade.cascadeCollectionElements(Cascade.java:547) ~[hibernate-core-6.2.7.Final.jar:6.2.7.Final]
	at org.hibernate.engine.internal.Cascade.cascadeCollection(Cascade.java:477) ~[hibernate-core-6.2.7.Final.jar:6.2.7.Final]
	at org.hibernate.engine.internal.Cascade.cascadeAssociation(Cascade.java:437) ~[hibernate-core-6.2.7.Final.jar:6.2.7.Final]
	at org.hibernate.engine.internal.Cascade.cascadeProperty(Cascade.java:220) ~[hibernate-core-6.2.7.Final.jar:6.2.7.Final]
	at org.hibernate.engine.internal.Cascade.cascade(Cascade.java:153) ~[hibernate-core-6.2.7.Final.jar:6.2.7.Final]
	at org.hibernate.event.internal.AbstractFlushingEventListener.cascadeOnFlush(AbstractFlushingEventListener.java:155) ~[hibernate-core-6.2.7.Final.jar:6.2.7.Final]
	at org.hibernate.event.internal.AbstractFlushingEventListener.prepareEntityFlushes(AbstractFlushingEventListener.java:145) ~[hibernate-core-6.2.7.Final.jar:6.2.7.Final]
	at org.hibernate.event.internal.AbstractFlushingEventListener.flushEverythingToExecutions(AbstractFlushingEventListener.java:79) ~[hibernate-core-6.2.7.Final.jar:6.2.7.Final]
	at org.hibernate.event.internal.DefaultFlushEventListener.onFlush(DefaultFlushEventListener.java:38) ~[hibernate-core-6.2.7.Final.jar:6.2.7.Final]
	at org.hibernate.event.service.internal.EventListenerGroupImpl.fireEventOnEachListener(EventListenerGroupImpl.java:127) ~[hibernate-core-6.2.7.Final.jar:6.2.7.Final]
	at org.hibernate.internal.SessionImpl.doFlush(SessionImpl.java:1412) ~[hibernate-core-6.2.7.Final.jar:6.2.7.Final]
	... 74 common frames omitted
2023-10-26 WARN Resolved [org.springframework.dao.InvalidDataAccessApiUsageException: org.hibernate.TransientPropertyValueException: object references an unsaved transient instance - save the transient instance before flushing : com.masaischool.model.Item.order -> com.masaischool.model.Order]
2023-10-26 INFO Init duration for springdoc-openapi is: 97 ms
2023-10-26 ERROR No item found exception
com.masaischool.exception.NoItemFoundException: No item found with item id 0 to add in order .Please place fresh order
	at com.masaischool.serviceimpl.OrderServiceImpl.lambda$5(OrderServiceImpl.java:131) ~[classes/:na]
	at java.base/java.util.Optional.orElseThrow(Optional.java:403) ~[na:na]
	at com.masaischool.serviceimpl.OrderServiceImpl.placeOrder(OrderServiceImpl.java:131) ~[classes/:na]
	at com.masaischool.controller.OrderController.placeOrder(OrderController.java:35) ~[classes/:na]
	at java.base/jdk.internal.reflect.NativeMethodAccessorImpl.invoke0(Native Method) ~[na:na]
	at java.base/jdk.internal.reflect.NativeMethodAccessorImpl.invoke(NativeMethodAccessorImpl.java:77) ~[na:na]
	at java.base/jdk.internal.reflect.DelegatingMethodAccessorImpl.invoke(DelegatingMethodAccessorImpl.java:43) ~[na:na]
	at java.base/java.lang.reflect.Method.invoke(Method.java:568) ~[na:na]
	at org.springframework.web.method.support.InvocableHandlerMethod.doInvoke(InvocableHandlerMethod.java:205) ~[spring-web-6.0.11.jar:6.0.11]
	at org.springframework.web.method.support.InvocableHandlerMethod.invokeForRequest(InvocableHandlerMethod.java:150) ~[spring-web-6.0.11.jar:6.0.11]
	at org.springframework.web.servlet.mvc.method.annotation.ServletInvocableHandlerMethod.invokeAndHandle(ServletInvocableHandlerMethod.java:118) ~[spring-webmvc-6.0.11.jar:6.0.11]
	at org.springframework.web.servlet.mvc.method.annotation.RequestMappingHandlerAdapter.invokeHandlerMethod(RequestMappingHandlerAdapter.java:884) ~[spring-webmvc-6.0.11.jar:6.0.11]
	at org.springframework.web.servlet.mvc.method.annotation.RequestMappingHandlerAdapter.handleInternal(RequestMappingHandlerAdapter.java:797) ~[spring-webmvc-6.0.11.jar:6.0.11]
	at org.springframework.web.servlet.mvc.method.AbstractHandlerMethodAdapter.handle(AbstractHandlerMethodAdapter.java:87) ~[spring-webmvc-6.0.11.jar:6.0.11]
	at org.springframework.web.servlet.DispatcherServlet.doDispatch(DispatcherServlet.java:1081) ~[spring-webmvc-6.0.11.jar:6.0.11]
	at org.springframework.web.servlet.DispatcherServlet.doService(DispatcherServlet.java:974) ~[spring-webmvc-6.0.11.jar:6.0.11]
	at org.springframework.web.servlet.FrameworkServlet.processRequest(FrameworkServlet.java:1011) ~[spring-webmvc-6.0.11.jar:6.0.11]
	at org.springframework.web.servlet.FrameworkServlet.doPost(FrameworkServlet.java:914) ~[spring-webmvc-6.0.11.jar:6.0.11]
	at jakarta.servlet.http.HttpServlet.service(HttpServlet.java:590) ~[tomcat-embed-core-10.1.12.jar:6.0]
	at org.springframework.web.servlet.FrameworkServlet.service(FrameworkServlet.java:885) ~[spring-webmvc-6.0.11.jar:6.0.11]
	at jakarta.servlet.http.HttpServlet.service(HttpServlet.java:658) ~[tomcat-embed-core-10.1.12.jar:6.0]
	at org.apache.catalina.core.ApplicationFilterChain.internalDoFilter(ApplicationFilterChain.java:205) ~[tomcat-embed-core-10.1.12.jar:10.1.12]
	at org.apache.catalina.core.ApplicationFilterChain.doFilter(ApplicationFilterChain.java:149) ~[tomcat-embed-core-10.1.12.jar:10.1.12]
	at org.apache.tomcat.websocket.server.WsFilter.doFilter(WsFilter.java:51) ~[tomcat-embed-websocket-10.1.12.jar:10.1.12]
	at org.apache.catalina.core.ApplicationFilterChain.internalDoFilter(ApplicationFilterChain.java:174) ~[tomcat-embed-core-10.1.12.jar:10.1.12]
	at org.apache.catalina.core.ApplicationFilterChain.doFilter(ApplicationFilterChain.java:149) ~[tomcat-embed-core-10.1.12.jar:10.1.12]
	at org.springframework.web.filter.RequestContextFilter.doFilterInternal(RequestContextFilter.java:100) ~[spring-web-6.0.11.jar:6.0.11]
	at org.springframework.web.filter.OncePerRequestFilter.doFilter(OncePerRequestFilter.java:116) ~[spring-web-6.0.11.jar:6.0.11]
	at org.apache.catalina.core.ApplicationFilterChain.internalDoFilter(ApplicationFilterChain.java:174) ~[tomcat-embed-core-10.1.12.jar:10.1.12]
	at org.apache.catalina.core.ApplicationFilterChain.doFilter(ApplicationFilterChain.java:149) ~[tomcat-embed-core-10.1.12.jar:10.1.12]
	at org.springframework.web.filter.FormContentFilter.doFilterInternal(FormContentFilter.java:93) ~[spring-web-6.0.11.jar:6.0.11]
	at org.springframework.web.filter.OncePerRequestFilter.doFilter(OncePerRequestFilter.java:116) ~[spring-web-6.0.11.jar:6.0.11]
	at org.apache.catalina.core.ApplicationFilterChain.internalDoFilter(ApplicationFilterChain.java:174) ~[tomcat-embed-core-10.1.12.jar:10.1.12]
	at org.apache.catalina.core.ApplicationFilterChain.doFilter(ApplicationFilterChain.java:149) ~[tomcat-embed-core-10.1.12.jar:10.1.12]
	at org.springframework.web.filter.CharacterEncodingFilter.doFilterInternal(CharacterEncodingFilter.java:201) ~[spring-web-6.0.11.jar:6.0.11]
	at org.springframework.web.filter.OncePerRequestFilter.doFilter(OncePerRequestFilter.java:116) ~[spring-web-6.0.11.jar:6.0.11]
	at org.apache.catalina.core.ApplicationFilterChain.internalDoFilter(ApplicationFilterChain.java:174) ~[tomcat-embed-core-10.1.12.jar:10.1.12]
	at org.apache.catalina.core.ApplicationFilterChain.doFilter(ApplicationFilterChain.java:149) ~[tomcat-embed-core-10.1.12.jar:10.1.12]
	at org.apache.catalina.core.StandardWrapperValve.invoke(StandardWrapperValve.java:166) ~[tomcat-embed-core-10.1.12.jar:10.1.12]
	at org.apache.catalina.core.StandardContextValve.invoke(StandardContextValve.java:90) ~[tomcat-embed-core-10.1.12.jar:10.1.12]
	at org.apache.catalina.authenticator.AuthenticatorBase.invoke(AuthenticatorBase.java:482) ~[tomcat-embed-core-10.1.12.jar:10.1.12]
	at org.apache.catalina.core.StandardHostValve.invoke(StandardHostValve.java:115) ~[tomcat-embed-core-10.1.12.jar:10.1.12]
	at org.apache.catalina.valves.ErrorReportValve.invoke(ErrorReportValve.java:93) ~[tomcat-embed-core-10.1.12.jar:10.1.12]
	at org.apache.catalina.core.StandardEngineValve.invoke(StandardEngineValve.java:74) ~[tomcat-embed-core-10.1.12.jar:10.1.12]
	at org.apache.catalina.connector.CoyoteAdapter.service(CoyoteAdapter.java:341) ~[tomcat-embed-core-10.1.12.jar:10.1.12]
	at org.apache.coyote.http11.Http11Processor.service(Http11Processor.java:391) ~[tomcat-embed-core-10.1.12.jar:10.1.12]
	at org.apache.coyote.AbstractProcessorLight.process(AbstractProcessorLight.java:63) ~[tomcat-embed-core-10.1.12.jar:10.1.12]
	at org.apache.coyote.AbstractProtocol$ConnectionHandler.process(AbstractProtocol.java:894) ~[tomcat-embed-core-10.1.12.jar:10.1.12]
	at org.apache.tomcat.util.net.NioEndpoint$SocketProcessor.doRun(NioEndpoint.java:1740) ~[tomcat-embed-core-10.1.12.jar:10.1.12]
	at org.apache.tomcat.util.net.SocketProcessorBase.run(SocketProcessorBase.java:52) ~[tomcat-embed-core-10.1.12.jar:10.1.12]
	at org.apache.tomcat.util.threads.ThreadPoolExecutor.runWorker(ThreadPoolExecutor.java:1191) ~[tomcat-embed-core-10.1.12.jar:10.1.12]
	at org.apache.tomcat.util.threads.ThreadPoolExecutor$Worker.run(ThreadPoolExecutor.java:659) ~[tomcat-embed-core-10.1.12.jar:10.1.12]
	at org.apache.tomcat.util.threads.TaskThread$WrappingRunnable.run(TaskThread.java:61) ~[tomcat-embed-core-10.1.12.jar:10.1.12]
	at java.base/java.lang.Thread.run(Thread.java:833) ~[na:na]
2023-10-26 WARN Resolved [com.masaischool.exception.NoItemFoundException: No item found with item id 0 to add in order .Please place fresh order]
2023-10-26 ERROR Exception found exception
org.springframework.dao.InvalidDataAccessApiUsageException: org.hibernate.TransientPropertyValueException: object references an unsaved transient instance - save the transient instance before flushing : com.masaischool.model.Item.order -> com.masaischool.model.Order
	at org.springframework.orm.jpa.EntityManagerFactoryUtils.convertJpaAccessExceptionIfPossible(EntityManagerFactoryUtils.java:368) ~[spring-orm-6.0.11.jar:6.0.11]
	at org.springframework.orm.jpa.vendor.HibernateJpaDialect.translateExceptionIfPossible(HibernateJpaDialect.java:234) ~[spring-orm-6.0.11.jar:6.0.11]
	at org.springframework.orm.jpa.JpaTransactionManager.doCommit(JpaTransactionManager.java:565) ~[spring-orm-6.0.11.jar:6.0.11]
	at org.springframework.transaction.support.AbstractPlatformTransactionManager.processCommit(AbstractPlatformTransactionManager.java:743) ~[spring-tx-6.0.11.jar:6.0.11]
	at org.springframework.transaction.support.AbstractPlatformTransactionManager.commit(AbstractPlatformTransactionManager.java:711) ~[spring-tx-6.0.11.jar:6.0.11]
	at org.springframework.transaction.interceptor.TransactionAspectSupport.commitTransactionAfterReturning(TransactionAspectSupport.java:660) ~[spring-tx-6.0.11.jar:6.0.11]
	at org.springframework.transaction.interceptor.TransactionAspectSupport.invokeWithinTransaction(TransactionAspectSupport.java:410) ~[spring-tx-6.0.11.jar:6.0.11]
	at org.springframework.transaction.interceptor.TransactionInterceptor.invoke(TransactionInterceptor.java:119) ~[spring-tx-6.0.11.jar:6.0.11]
	at org.springframework.aop.framework.ReflectiveMethodInvocation.proceed(ReflectiveMethodInvocation.java:184) ~[spring-aop-6.0.11.jar:6.0.11]
	at org.springframework.dao.support.PersistenceExceptionTranslationInterceptor.invoke(PersistenceExceptionTranslationInterceptor.java:137) ~[spring-tx-6.0.11.jar:6.0.11]
	at org.springframework.aop.framework.ReflectiveMethodInvocation.proceed(ReflectiveMethodInvocation.java:184) ~[spring-aop-6.0.11.jar:6.0.11]
	at org.springframework.data.jpa.repository.support.CrudMethodMetadataPostProcessor$CrudMethodMetadataPopulatingMethodInterceptor.invoke(CrudMethodMetadataPostProcessor.java:164) ~[spring-data-jpa-3.1.3.jar:3.1.3]
	at org.springframework.aop.framework.ReflectiveMethodInvocation.proceed(ReflectiveMethodInvocation.java:184) ~[spring-aop-6.0.11.jar:6.0.11]
	at org.springframework.aop.interceptor.ExposeInvocationInterceptor.invoke(ExposeInvocationInterceptor.java:97) ~[spring-aop-6.0.11.jar:6.0.11]
	at org.springframework.aop.framework.ReflectiveMethodInvocation.proceed(ReflectiveMethodInvocation.java:184) ~[spring-aop-6.0.11.jar:6.0.11]
	at org.springframework.aop.framework.JdkDynamicAopProxy.invoke(JdkDynamicAopProxy.java:244) ~[spring-aop-6.0.11.jar:6.0.11]
	at jdk.proxy5/jdk.proxy5.$Proxy165.save(Unknown Source) ~[na:na]
	at com.masaischool.serviceimpl.OrderServiceImpl.placeOrder(OrderServiceImpl.java:146) ~[classes/:na]
	at com.masaischool.controller.OrderController.placeOrder(OrderController.java:35) ~[classes/:na]
	at java.base/jdk.internal.reflect.NativeMethodAccessorImpl.invoke0(Native Method) ~[na:na]
	at java.base/jdk.internal.reflect.NativeMethodAccessorImpl.invoke(NativeMethodAccessorImpl.java:77) ~[na:na]
	at java.base/jdk.internal.reflect.DelegatingMethodAccessorImpl.invoke(DelegatingMethodAccessorImpl.java:43) ~[na:na]
	at java.base/java.lang.reflect.Method.invoke(Method.java:568) ~[na:na]
	at org.springframework.web.method.support.InvocableHandlerMethod.doInvoke(InvocableHandlerMethod.java:205) ~[spring-web-6.0.11.jar:6.0.11]
	at org.springframework.web.method.support.InvocableHandlerMethod.invokeForRequest(InvocableHandlerMethod.java:150) ~[spring-web-6.0.11.jar:6.0.11]
	at org.springframework.web.servlet.mvc.method.annotation.ServletInvocableHandlerMethod.invokeAndHandle(ServletInvocableHandlerMethod.java:118) ~[spring-webmvc-6.0.11.jar:6.0.11]
	at org.springframework.web.servlet.mvc.method.annotation.RequestMappingHandlerAdapter.invokeHandlerMethod(RequestMappingHandlerAdapter.java:884) ~[spring-webmvc-6.0.11.jar:6.0.11]
	at org.springframework.web.servlet.mvc.method.annotation.RequestMappingHandlerAdapter.handleInternal(RequestMappingHandlerAdapter.java:797) ~[spring-webmvc-6.0.11.jar:6.0.11]
	at org.springframework.web.servlet.mvc.method.AbstractHandlerMethodAdapter.handle(AbstractHandlerMethodAdapter.java:87) ~[spring-webmvc-6.0.11.jar:6.0.11]
	at org.springframework.web.servlet.DispatcherServlet.doDispatch(DispatcherServlet.java:1081) ~[spring-webmvc-6.0.11.jar:6.0.11]
	at org.springframework.web.servlet.DispatcherServlet.doService(DispatcherServlet.java:974) ~[spring-webmvc-6.0.11.jar:6.0.11]
	at org.springframework.web.servlet.FrameworkServlet.processRequest(FrameworkServlet.java:1011) ~[spring-webmvc-6.0.11.jar:6.0.11]
	at org.springframework.web.servlet.FrameworkServlet.doPost(FrameworkServlet.java:914) ~[spring-webmvc-6.0.11.jar:6.0.11]
	at jakarta.servlet.http.HttpServlet.service(HttpServlet.java:590) ~[tomcat-embed-core-10.1.12.jar:6.0]
	at org.springframework.web.servlet.FrameworkServlet.service(FrameworkServlet.java:885) ~[spring-webmvc-6.0.11.jar:6.0.11]
	at jakarta.servlet.http.HttpServlet.service(HttpServlet.java:658) ~[tomcat-embed-core-10.1.12.jar:6.0]
	at org.apache.catalina.core.ApplicationFilterChain.internalDoFilter(ApplicationFilterChain.java:205) ~[tomcat-embed-core-10.1.12.jar:10.1.12]
	at org.apache.catalina.core.ApplicationFilterChain.doFilter(ApplicationFilterChain.java:149) ~[tomcat-embed-core-10.1.12.jar:10.1.12]
	at org.apache.tomcat.websocket.server.WsFilter.doFilter(WsFilter.java:51) ~[tomcat-embed-websocket-10.1.12.jar:10.1.12]
	at org.apache.catalina.core.ApplicationFilterChain.internalDoFilter(ApplicationFilterChain.java:174) ~[tomcat-embed-core-10.1.12.jar:10.1.12]
	at org.apache.catalina.core.ApplicationFilterChain.doFilter(ApplicationFilterChain.java:149) ~[tomcat-embed-core-10.1.12.jar:10.1.12]
	at org.springframework.web.filter.RequestContextFilter.doFilterInternal(RequestContextFilter.java:100) ~[spring-web-6.0.11.jar:6.0.11]
	at org.springframework.web.filter.OncePerRequestFilter.doFilter(OncePerRequestFilter.java:116) ~[spring-web-6.0.11.jar:6.0.11]
	at org.apache.catalina.core.ApplicationFilterChain.internalDoFilter(ApplicationFilterChain.java:174) ~[tomcat-embed-core-10.1.12.jar:10.1.12]
	at org.apache.catalina.core.ApplicationFilterChain.doFilter(ApplicationFilterChain.java:149) ~[tomcat-embed-core-10.1.12.jar:10.1.12]
	at org.springframework.web.filter.FormContentFilter.doFilterInternal(FormContentFilter.java:93) ~[spring-web-6.0.11.jar:6.0.11]
	at org.springframework.web.filter.OncePerRequestFilter.doFilter(OncePerRequestFilter.java:116) ~[spring-web-6.0.11.jar:6.0.11]
	at org.apache.catalina.core.ApplicationFilterChain.internalDoFilter(ApplicationFilterChain.java:174) ~[tomcat-embed-core-10.1.12.jar:10.1.12]
	at org.apache.catalina.core.ApplicationFilterChain.doFilter(ApplicationFilterChain.java:149) ~[tomcat-embed-core-10.1.12.jar:10.1.12]
	at org.springframework.web.filter.CharacterEncodingFilter.doFilterInternal(CharacterEncodingFilter.java:201) ~[spring-web-6.0.11.jar:6.0.11]
	at org.springframework.web.filter.OncePerRequestFilter.doFilter(OncePerRequestFilter.java:116) ~[spring-web-6.0.11.jar:6.0.11]
	at org.apache.catalina.core.ApplicationFilterChain.internalDoFilter(ApplicationFilterChain.java:174) ~[tomcat-embed-core-10.1.12.jar:10.1.12]
	at org.apache.catalina.core.ApplicationFilterChain.doFilter(ApplicationFilterChain.java:149) ~[tomcat-embed-core-10.1.12.jar:10.1.12]
	at org.apache.catalina.core.StandardWrapperValve.invoke(StandardWrapperValve.java:166) ~[tomcat-embed-core-10.1.12.jar:10.1.12]
	at org.apache.catalina.core.StandardContextValve.invoke(StandardContextValve.java:90) ~[tomcat-embed-core-10.1.12.jar:10.1.12]
	at org.apache.catalina.authenticator.AuthenticatorBase.invoke(AuthenticatorBase.java:482) ~[tomcat-embed-core-10.1.12.jar:10.1.12]
	at org.apache.catalina.core.StandardHostValve.invoke(StandardHostValve.java:115) ~[tomcat-embed-core-10.1.12.jar:10.1.12]
	at org.apache.catalina.valves.ErrorReportValve.invoke(ErrorReportValve.java:93) ~[tomcat-embed-core-10.1.12.jar:10.1.12]
	at org.apache.catalina.core.StandardEngineValve.invoke(StandardEngineValve.java:74) ~[tomcat-embed-core-10.1.12.jar:10.1.12]
	at org.apache.catalina.connector.CoyoteAdapter.service(CoyoteAdapter.java:341) ~[tomcat-embed-core-10.1.12.jar:10.1.12]
	at org.apache.coyote.http11.Http11Processor.service(Http11Processor.java:391) ~[tomcat-embed-core-10.1.12.jar:10.1.12]
	at org.apache.coyote.AbstractProcessorLight.process(AbstractProcessorLight.java:63) ~[tomcat-embed-core-10.1.12.jar:10.1.12]
	at org.apache.coyote.AbstractProtocol$ConnectionHandler.process(AbstractProtocol.java:894) ~[tomcat-embed-core-10.1.12.jar:10.1.12]
	at org.apache.tomcat.util.net.NioEndpoint$SocketProcessor.doRun(NioEndpoint.java:1740) ~[tomcat-embed-core-10.1.12.jar:10.1.12]
	at org.apache.tomcat.util.net.SocketProcessorBase.run(SocketProcessorBase.java:52) ~[tomcat-embed-core-10.1.12.jar:10.1.12]
	at org.apache.tomcat.util.threads.ThreadPoolExecutor.runWorker(ThreadPoolExecutor.java:1191) ~[tomcat-embed-core-10.1.12.jar:10.1.12]
	at org.apache.tomcat.util.threads.ThreadPoolExecutor$Worker.run(ThreadPoolExecutor.java:659) ~[tomcat-embed-core-10.1.12.jar:10.1.12]
	at org.apache.tomcat.util.threads.TaskThread$WrappingRunnable.run(TaskThread.java:61) ~[tomcat-embed-core-10.1.12.jar:10.1.12]
	at java.base/java.lang.Thread.run(Thread.java:833) ~[na:na]
Caused by: java.lang.IllegalStateException: org.hibernate.TransientPropertyValueException: object references an unsaved transient instance - save the transient instance before flushing : com.masaischool.model.Item.order -> com.masaischool.model.Order
	at org.hibernate.internal.ExceptionConverterImpl.convert(ExceptionConverterImpl.java:152) ~[hibernate-core-6.2.7.Final.jar:6.2.7.Final]
	at org.hibernate.internal.ExceptionConverterImpl.convert(ExceptionConverterImpl.java:162) ~[hibernate-core-6.2.7.Final.jar:6.2.7.Final]
	at org.hibernate.internal.ExceptionConverterImpl.convert(ExceptionConverterImpl.java:168) ~[hibernate-core-6.2.7.Final.jar:6.2.7.Final]
	at org.hibernate.internal.SessionImpl.doFlush(SessionImpl.java:1416) ~[hibernate-core-6.2.7.Final.jar:6.2.7.Final]
	at org.hibernate.internal.SessionImpl.managedFlush(SessionImpl.java:485) ~[hibernate-core-6.2.7.Final.jar:6.2.7.Final]
	at org.hibernate.internal.SessionImpl.flushBeforeTransactionCompletion(SessionImpl.java:2301) ~[hibernate-core-6.2.7.Final.jar:6.2.7.Final]
	at org.hibernate.internal.SessionImpl.beforeTransactionCompletion(SessionImpl.java:1966) ~[hibernate-core-6.2.7.Final.jar:6.2.7.Final]
	at org.hibernate.engine.jdbc.internal.JdbcCoordinatorImpl.beforeTransactionCompletion(JdbcCoordinatorImpl.java:439) ~[hibernate-core-6.2.7.Final.jar:6.2.7.Final]
	at org.hibernate.resource.transaction.backend.jdbc.internal.JdbcResourceLocalTransactionCoordinatorImpl.beforeCompletionCallback(JdbcResourceLocalTransactionCoordinatorImpl.java:169) ~[hibernate-core-6.2.7.Final.jar:6.2.7.Final]
	at org.hibernate.resource.transaction.backend.jdbc.internal.JdbcResourceLocalTransactionCoordinatorImpl$TransactionDriverControlImpl.commit(JdbcResourceLocalTransactionCoordinatorImpl.java:267) ~[hibernate-core-6.2.7.Final.jar:6.2.7.Final]
	at org.hibernate.engine.transaction.internal.TransactionImpl.commit(TransactionImpl.java:101) ~[hibernate-core-6.2.7.Final.jar:6.2.7.Final]
	at org.springframework.orm.jpa.JpaTransactionManager.doCommit(JpaTransactionManager.java:561) ~[spring-orm-6.0.11.jar:6.0.11]
	... 66 common frames omitted
Caused by: org.hibernate.TransientPropertyValueException: object references an unsaved transient instance - save the transient instance before flushing : com.masaischool.model.Item.order -> com.masaischool.model.Order
	at org.hibernate.engine.spi.CascadingActions$8.noCascade(CascadingActions.java:372) ~[hibernate-core-6.2.7.Final.jar:6.2.7.Final]
	at org.hibernate.engine.internal.Cascade.cascade(Cascade.java:169) ~[hibernate-core-6.2.7.Final.jar:6.2.7.Final]
	at org.hibernate.event.internal.AbstractSaveEventListener.cascadeBeforeSave(AbstractSaveEventListener.java:459) ~[hibernate-core-6.2.7.Final.jar:6.2.7.Final]
	at org.hibernate.event.internal.DefaultPersistEventListener.justCascade(DefaultPersistEventListener.java:160) ~[hibernate-core-6.2.7.Final.jar:6.2.7.Final]
	at org.hibernate.event.internal.DefaultPersistEventListener.entityIsPersistent(DefaultPersistEventListener.java:154) ~[hibernate-core-6.2.7.Final.jar:6.2.7.Final]
	at org.hibernate.event.internal.DefaultPersistEventListener.persist(DefaultPersistEventListener.java:90) ~[hibernate-core-6.2.7.Final.jar:6.2.7.Final]
	at org.hibernate.event.internal.DefaultPersistEventListener.onPersist(DefaultPersistEventListener.java:77) ~[hibernate-core-6.2.7.Final.jar:6.2.7.Final]
	at org.hibernate.event.service.internal.EventListenerGroupImpl.fireEventOnEachListener(EventListenerGroupImpl.java:138) ~[hibernate-core-6.2.7.Final.jar:6.2.7.Final]
	at org.hibernate.internal.SessionImpl.persistOnFlush(SessionImpl.java:819) ~[hibernate-core-6.2.7.Final.jar:6.2.7.Final]
	at org.hibernate.engine.spi.CascadingActions$8.cascade(CascadingActions.java:333) ~[hibernate-core-6.2.7.Final.jar:6.2.7.Final]
	at org.hibernate.engine.spi.CascadingActions$8.cascade(CascadingActions.java:323) ~[hibernate-core-6.2.7.Final.jar:6.2.7.Final]
	at org.hibernate.engine.internal.Cascade.cascadeToOne(Cascade.java:513) ~[hibernate-core-6.2.7.Final.jar:6.2.7.Final]
	at org.hibernate.engine.internal.Cascade.cascadeAssociation(Cascade.java:434) ~[hibernate-core-6.2.7.Final.jar:6.2.7.Final]
	at org.hibernate.engine.internal.Cascade.cascadeProperty(Cascade.java:220) ~[hibernate-core-6.2.7.Final.jar:6.2.7.Final]
	at org.hibernate.engine.internal.Cascade.cascadeCollectionElements(Cascade.java:547) ~[hibernate-core-6.2.7.Final.jar:6.2.7.Final]
	at org.hibernate.engine.internal.Cascade.cascadeCollection(Cascade.java:477) ~[hibernate-core-6.2.7.Final.jar:6.2.7.Final]
	at org.hibernate.engine.internal.Cascade.cascadeAssociation(Cascade.java:437) ~[hibernate-core-6.2.7.Final.jar:6.2.7.Final]
	at org.hibernate.engine.internal.Cascade.cascadeProperty(Cascade.java:220) ~[hibernate-core-6.2.7.Final.jar:6.2.7.Final]
	at org.hibernate.engine.internal.Cascade.cascade(Cascade.java:153) ~[hibernate-core-6.2.7.Final.jar:6.2.7.Final]
	at org.hibernate.event.internal.AbstractFlushingEventListener.cascadeOnFlush(AbstractFlushingEventListener.java:155) ~[hibernate-core-6.2.7.Final.jar:6.2.7.Final]
	at org.hibernate.event.internal.AbstractFlushingEventListener.prepareEntityFlushes(AbstractFlushingEventListener.java:145) ~[hibernate-core-6.2.7.Final.jar:6.2.7.Final]
	at org.hibernate.event.internal.AbstractFlushingEventListener.flushEverythingToExecutions(AbstractFlushingEventListener.java:79) ~[hibernate-core-6.2.7.Final.jar:6.2.7.Final]
	at org.hibernate.event.internal.DefaultFlushEventListener.onFlush(DefaultFlushEventListener.java:38) ~[hibernate-core-6.2.7.Final.jar:6.2.7.Final]
	at org.hibernate.event.service.internal.EventListenerGroupImpl.fireEventOnEachListener(EventListenerGroupImpl.java:127) ~[hibernate-core-6.2.7.Final.jar:6.2.7.Final]
	at org.hibernate.internal.SessionImpl.doFlush(SessionImpl.java:1412) ~[hibernate-core-6.2.7.Final.jar:6.2.7.Final]
	... 74 common frames omitted
2023-10-26 WARN Resolved [org.springframework.dao.InvalidDataAccessApiUsageException: org.hibernate.TransientPropertyValueException: object references an unsaved transient instance - save the transient instance before flushing : com.masaischool.model.Item.order -> com.masaischool.model.Order]
2023-14-26 INFO Restarting due to 1 class path change (0 additions, 0 deletions, 1 modification)
2023-14-26 INFO Stopping service [Tomcat]
2023-14-26 INFO Destroying Spring FrameworkServlet 'dispatcherServlet'
2023-14-26 INFO Closing JPA EntityManagerFactory for persistence unit 'default'
2023-14-26 INFO HikariPool-2 - Shutdown initiated...
2023-14-26 INFO HikariPool-2 - Shutdown completed.
2023-14-26 INFO Starting Day12SwiggyApplication using Java 17.0.6 with PID 3780 (C:\Users\ss\Desktop\NewU6\Day12_Swiggy_With_All_Final\target\classes started by ss in C:\Users\ss\Desktop\NewU6\Day12_Swiggy_With_All_Final)
2023-14-26 DEBUG Running with Spring Boot v3.1.3, Spring v6.0.11
2023-14-26 INFO No active profile set, falling back to 1 default profile: "default"
2023-14-26 INFO Bootstrapping Spring Data JPA repositories in DEFAULT mode.
2023-14-26 INFO Finished Spring Data repository scanning in 14 ms. Found 5 JPA repository interfaces.
2023-14-26 INFO Tomcat initialized with port(s): 9091 (http)
2023-14-26 INFO Starting service [Tomcat]
2023-14-26 INFO Starting Servlet engine: [Apache Tomcat/10.1.12]
2023-14-26 INFO Initializing Spring embedded WebApplicationContext
2023-14-26 INFO Root WebApplicationContext: initialization completed in 303 ms
2023-14-26 INFO HHH000204: Processing PersistenceUnitInfo [name: default]
2023-14-26 INFO HHH000021: Bytecode provider name : bytebuddy
2023-14-26 INFO No LoadTimeWeaver setup: ignoring JPA class transformer
2023-14-26 INFO HikariPool-3 - Starting...
2023-14-26 INFO HikariPool-3 - Added connection com.mysql.cj.jdbc.ConnectionImpl@5507b965
2023-14-26 INFO HikariPool-3 - Start completed.
2023-14-26 INFO HHH000021: Bytecode provider name : bytebuddy
2023-14-26 INFO HHH000490: Using JtaPlatform implementation: [org.hibernate.engine.transaction.jta.platform.internal.NoJtaPlatform]
2023-14-26 INFO Initialized JPA EntityManagerFactory for persistence unit 'default'
2023-14-26 WARN spring.jpa.open-in-view is enabled by default. Therefore, database queries may be performed during view rendering. Explicitly configure spring.jpa.open-in-view to disable this warning
2023-14-26 INFO LiveReload server is running on port 35729
2023-14-26 INFO Tomcat started on port(s): 9091 (http) with context path ''
2023-14-26 INFO Started Day12SwiggyApplication in 1.202 seconds (process running for 1181.275)
2023-14-26 INFO Condition evaluation unchanged
2023-14-26 INFO Restarting due to 1 class path change (0 additions, 0 deletions, 1 modification)
2023-14-26 INFO Stopping service [Tomcat]
2023-14-26 INFO Closing JPA EntityManagerFactory for persistence unit 'default'
2023-14-26 INFO HikariPool-3 - Shutdown initiated...
2023-14-26 INFO HikariPool-3 - Shutdown completed.
2023-14-26 INFO Starting Day12SwiggyApplication using Java 17.0.6 with PID 3780 (C:\Users\ss\Desktop\NewU6\Day12_Swiggy_With_All_Final\target\classes started by ss in C:\Users\ss\Desktop\NewU6\Day12_Swiggy_With_All_Final)
2023-14-26 DEBUG Running with Spring Boot v3.1.3, Spring v6.0.11
2023-14-26 INFO No active profile set, falling back to 1 default profile: "default"
2023-14-26 INFO Bootstrapping Spring Data JPA repositories in DEFAULT mode.
2023-14-26 INFO Finished Spring Data repository scanning in 14 ms. Found 5 JPA repository interfaces.
2023-14-26 INFO Tomcat initialized with port(s): 9091 (http)
2023-14-26 INFO Starting service [Tomcat]
2023-14-26 INFO Starting Servlet engine: [Apache Tomcat/10.1.12]
2023-14-26 INFO Initializing Spring embedded WebApplicationContext
2023-14-26 INFO Root WebApplicationContext: initialization completed in 271 ms
2023-14-26 INFO HHH000204: Processing PersistenceUnitInfo [name: default]
2023-14-26 INFO HHH000021: Bytecode provider name : bytebuddy
2023-14-26 INFO No LoadTimeWeaver setup: ignoring JPA class transformer
2023-14-26 INFO HikariPool-4 - Starting...
2023-14-26 INFO HikariPool-4 - Added connection com.mysql.cj.jdbc.ConnectionImpl@63d03f55
2023-14-26 INFO HikariPool-4 - Start completed.
2023-14-26 INFO HHH000021: Bytecode provider name : bytebuddy
2023-14-26 INFO HHH000490: Using JtaPlatform implementation: [org.hibernate.engine.transaction.jta.platform.internal.NoJtaPlatform]
2023-14-26 INFO Initialized JPA EntityManagerFactory for persistence unit 'default'
2023-14-26 WARN spring.jpa.open-in-view is enabled by default. Therefore, database queries may be performed during view rendering. Explicitly configure spring.jpa.open-in-view to disable this warning
2023-14-26 INFO LiveReload server is running on port 35729
2023-14-26 INFO Tomcat started on port(s): 9091 (http) with context path ''
2023-14-26 INFO Started Day12SwiggyApplication in 0.905 seconds (process running for 1185.752)
2023-14-26 INFO Condition evaluation unchanged
2023-14-26 INFO Restarting due to 1 class path change (0 additions, 0 deletions, 1 modification)
2023-14-26 INFO Stopping service [Tomcat]
2023-14-26 INFO Closing JPA EntityManagerFactory for persistence unit 'default'
2023-14-26 INFO HikariPool-4 - Shutdown initiated...
2023-14-26 INFO HikariPool-4 - Shutdown completed.
2023-14-26 INFO Starting Day12SwiggyApplication using Java 17.0.6 with PID 3780 (C:\Users\ss\Desktop\NewU6\Day12_Swiggy_With_All_Final\target\classes started by ss in C:\Users\ss\Desktop\NewU6\Day12_Swiggy_With_All_Final)
2023-14-26 DEBUG Running with Spring Boot v3.1.3, Spring v6.0.11
2023-14-26 INFO No active profile set, falling back to 1 default profile: "default"
2023-14-26 INFO Bootstrapping Spring Data JPA repositories in DEFAULT mode.
2023-14-26 INFO Finished Spring Data repository scanning in 14 ms. Found 5 JPA repository interfaces.
2023-14-26 INFO Tomcat initialized with port(s): 9091 (http)
2023-14-26 INFO Starting service [Tomcat]
2023-14-26 INFO Starting Servlet engine: [Apache Tomcat/10.1.12]
2023-14-26 INFO Initializing Spring embedded WebApplicationContext
2023-14-26 INFO Root WebApplicationContext: initialization completed in 344 ms
2023-14-26 INFO HHH000204: Processing PersistenceUnitInfo [name: default]
2023-14-26 INFO HHH000021: Bytecode provider name : bytebuddy
2023-14-26 INFO No LoadTimeWeaver setup: ignoring JPA class transformer
2023-14-26 INFO HikariPool-5 - Starting...
2023-14-26 INFO HikariPool-5 - Added connection com.mysql.cj.jdbc.ConnectionImpl@6d50084f
2023-14-26 INFO HikariPool-5 - Start completed.
2023-14-26 INFO HHH000021: Bytecode provider name : bytebuddy
2023-14-26 INFO HHH000490: Using JtaPlatform implementation: [org.hibernate.engine.transaction.jta.platform.internal.NoJtaPlatform]
2023-14-26 INFO Initialized JPA EntityManagerFactory for persistence unit 'default'
2023-14-26 WARN spring.jpa.open-in-view is enabled by default. Therefore, database queries may be performed during view rendering. Explicitly configure spring.jpa.open-in-view to disable this warning
2023-14-26 INFO LiveReload server is running on port 35729
2023-14-26 INFO Tomcat started on port(s): 9091 (http) with context path ''
2023-14-26 INFO Started Day12SwiggyApplication in 0.998 seconds (process running for 1222.279)
2023-14-26 INFO Condition evaluation unchanged
2023-15-26 INFO Restarting due to 1 class path change (0 additions, 0 deletions, 1 modification)
2023-15-26 INFO Stopping service [Tomcat]
2023-15-26 INFO Closing JPA EntityManagerFactory for persistence unit 'default'
2023-15-26 INFO HikariPool-5 - Shutdown initiated...
2023-15-26 INFO HikariPool-5 - Shutdown completed.
2023-15-26 INFO Starting Day12SwiggyApplication using Java 17.0.6 with PID 3780 (C:\Users\ss\Desktop\NewU6\Day12_Swiggy_With_All_Final\target\classes started by ss in C:\Users\ss\Desktop\NewU6\Day12_Swiggy_With_All_Final)
2023-15-26 DEBUG Running with Spring Boot v3.1.3, Spring v6.0.11
2023-15-26 INFO No active profile set, falling back to 1 default profile: "default"
2023-15-26 INFO Bootstrapping Spring Data JPA repositories in DEFAULT mode.
2023-15-26 INFO Finished Spring Data repository scanning in 15 ms. Found 5 JPA repository interfaces.
2023-15-26 INFO Tomcat initialized with port(s): 9091 (http)
2023-15-26 INFO Starting service [Tomcat]
2023-15-26 INFO Starting Servlet engine: [Apache Tomcat/10.1.12]
2023-15-26 INFO Initializing Spring embedded WebApplicationContext
2023-15-26 INFO Root WebApplicationContext: initialization completed in 258 ms
2023-15-26 INFO HHH000204: Processing PersistenceUnitInfo [name: default]
2023-15-26 INFO HHH000021: Bytecode provider name : bytebuddy
2023-15-26 INFO No LoadTimeWeaver setup: ignoring JPA class transformer
2023-15-26 INFO HikariPool-6 - Starting...
2023-15-26 INFO HikariPool-6 - Added connection com.mysql.cj.jdbc.ConnectionImpl@5cefd9a0
2023-15-26 INFO HikariPool-6 - Start completed.
2023-15-26 INFO HHH000021: Bytecode provider name : bytebuddy
2023-15-26 INFO HHH000490: Using JtaPlatform implementation: [org.hibernate.engine.transaction.jta.platform.internal.NoJtaPlatform]
2023-15-26 INFO Initialized JPA EntityManagerFactory for persistence unit 'default'
2023-15-26 WARN spring.jpa.open-in-view is enabled by default. Therefore, database queries may be performed during view rendering. Explicitly configure spring.jpa.open-in-view to disable this warning
2023-15-26 INFO LiveReload server is running on port 35729
2023-15-26 INFO Tomcat started on port(s): 9091 (http) with context path ''
2023-15-26 INFO Started Day12SwiggyApplication in 0.856 seconds (process running for 1248.374)
2023-15-26 INFO Condition evaluation unchanged
2023-15-26 INFO Restarting due to 1 class path change (0 additions, 0 deletions, 1 modification)
2023-15-26 INFO Stopping service [Tomcat]
2023-15-26 INFO Closing JPA EntityManagerFactory for persistence unit 'default'
2023-15-26 INFO HikariPool-6 - Shutdown initiated...
2023-15-26 INFO HikariPool-6 - Shutdown completed.
2023-15-26 INFO Starting Day12SwiggyApplication using Java 17.0.6 with PID 3780 (C:\Users\ss\Desktop\NewU6\Day12_Swiggy_With_All_Final\target\classes started by ss in C:\Users\ss\Desktop\NewU6\Day12_Swiggy_With_All_Final)
2023-15-26 DEBUG Running with Spring Boot v3.1.3, Spring v6.0.11
2023-15-26 INFO No active profile set, falling back to 1 default profile: "default"
2023-15-26 INFO Bootstrapping Spring Data JPA repositories in DEFAULT mode.
2023-15-26 INFO Finished Spring Data repository scanning in 17 ms. Found 5 JPA repository interfaces.
2023-15-26 INFO Tomcat initialized with port(s): 9091 (http)
2023-15-26 INFO Starting service [Tomcat]
2023-15-26 INFO Starting Servlet engine: [Apache Tomcat/10.1.12]
2023-15-26 INFO Initializing Spring embedded WebApplicationContext
2023-15-26 INFO Root WebApplicationContext: initialization completed in 401 ms
2023-15-26 INFO HHH000204: Processing PersistenceUnitInfo [name: default]
2023-15-26 INFO HHH000021: Bytecode provider name : bytebuddy
2023-15-26 INFO No LoadTimeWeaver setup: ignoring JPA class transformer
2023-15-26 INFO HikariPool-7 - Starting...
2023-15-26 INFO HikariPool-7 - Added connection com.mysql.cj.jdbc.ConnectionImpl@60ac8274
2023-15-26 INFO HikariPool-7 - Start completed.
2023-15-26 INFO HHH000021: Bytecode provider name : bytebuddy
2023-15-26 INFO HHH000490: Using JtaPlatform implementation: [org.hibernate.engine.transaction.jta.platform.internal.NoJtaPlatform]
2023-15-26 INFO Initialized JPA EntityManagerFactory for persistence unit 'default'
2023-15-26 WARN spring.jpa.open-in-view is enabled by default. Therefore, database queries may be performed during view rendering. Explicitly configure spring.jpa.open-in-view to disable this warning
2023-15-26 INFO LiveReload server is running on port 35729
2023-15-26 INFO Tomcat started on port(s): 9091 (http) with context path ''
2023-15-26 INFO Started Day12SwiggyApplication in 1.115 seconds (process running for 1272.681)
2023-15-26 INFO Condition evaluation unchanged
2023-16-26 INFO Initializing Spring DispatcherServlet 'dispatcherServlet'
2023-16-26 INFO Initializing Servlet 'dispatcherServlet'
2023-16-26 INFO Completed initialization in 2 ms
2023-16-26 INFO Init duration for springdoc-openapi is: 89 ms
2023-16-26 WARN SQL Error: 1062, SQLState: 23000
2023-16-26 ERROR Duplicate entry '1' for key 'orders_items.UK_9uu7j0okufkkanam94v8gb2qa'
2023-16-26 ERROR Exception found exception
org.springframework.dao.DataIntegrityViolationException: could not execute statement [Duplicate entry '1' for key 'orders_items.UK_9uu7j0okufkkanam94v8gb2qa'] [insert into orders_items (order_order_id,items_item_id) values (?,?)]; SQL [insert into orders_items (order_order_id,items_item_id) values (?,?)]; constraint [orders_items.UK_9uu7j0okufkkanam94v8gb2qa]
	at org.springframework.orm.jpa.vendor.HibernateJpaDialect.convertHibernateAccessException(HibernateJpaDialect.java:269) ~[spring-orm-6.0.11.jar:6.0.11]
	at org.springframework.orm.jpa.vendor.HibernateJpaDialect.translateExceptionIfPossible(HibernateJpaDialect.java:229) ~[spring-orm-6.0.11.jar:6.0.11]
	at org.springframework.orm.jpa.JpaTransactionManager.doCommit(JpaTransactionManager.java:565) ~[spring-orm-6.0.11.jar:6.0.11]
	at org.springframework.transaction.support.AbstractPlatformTransactionManager.processCommit(AbstractPlatformTransactionManager.java:743) ~[spring-tx-6.0.11.jar:6.0.11]
	at org.springframework.transaction.support.AbstractPlatformTransactionManager.commit(AbstractPlatformTransactionManager.java:711) ~[spring-tx-6.0.11.jar:6.0.11]
	at org.springframework.transaction.interceptor.TransactionAspectSupport.commitTransactionAfterReturning(TransactionAspectSupport.java:660) ~[spring-tx-6.0.11.jar:6.0.11]
	at org.springframework.transaction.interceptor.TransactionAspectSupport.invokeWithinTransaction(TransactionAspectSupport.java:410) ~[spring-tx-6.0.11.jar:6.0.11]
	at org.springframework.transaction.interceptor.TransactionInterceptor.invoke(TransactionInterceptor.java:119) ~[spring-tx-6.0.11.jar:6.0.11]
	at org.springframework.aop.framework.ReflectiveMethodInvocation.proceed(ReflectiveMethodInvocation.java:184) ~[spring-aop-6.0.11.jar:6.0.11]
	at org.springframework.dao.support.PersistenceExceptionTranslationInterceptor.invoke(PersistenceExceptionTranslationInterceptor.java:137) ~[spring-tx-6.0.11.jar:6.0.11]
	at org.springframework.aop.framework.ReflectiveMethodInvocation.proceed(ReflectiveMethodInvocation.java:184) ~[spring-aop-6.0.11.jar:6.0.11]
	at org.springframework.data.jpa.repository.support.CrudMethodMetadataPostProcessor$CrudMethodMetadataPopulatingMethodInterceptor.invoke(CrudMethodMetadataPostProcessor.java:164) ~[spring-data-jpa-3.1.3.jar:3.1.3]
	at org.springframework.aop.framework.ReflectiveMethodInvocation.proceed(ReflectiveMethodInvocation.java:184) ~[spring-aop-6.0.11.jar:6.0.11]
	at org.springframework.aop.interceptor.ExposeInvocationInterceptor.invoke(ExposeInvocationInterceptor.java:97) ~[spring-aop-6.0.11.jar:6.0.11]
	at org.springframework.aop.framework.ReflectiveMethodInvocation.proceed(ReflectiveMethodInvocation.java:184) ~[spring-aop-6.0.11.jar:6.0.11]
	at org.springframework.aop.framework.JdkDynamicAopProxy.invoke(JdkDynamicAopProxy.java:244) ~[spring-aop-6.0.11.jar:6.0.11]
	at jdk.proxy10/jdk.proxy10.$Proxy208.save(Unknown Source) ~[na:na]
	at com.masaischool.serviceimpl.OrderServiceImpl.placeOrder(OrderServiceImpl.java:133) ~[classes/:na]
	at com.masaischool.controller.OrderController.placeOrder(OrderController.java:35) ~[classes/:na]
	at java.base/jdk.internal.reflect.NativeMethodAccessorImpl.invoke0(Native Method) ~[na:na]
	at java.base/jdk.internal.reflect.NativeMethodAccessorImpl.invoke(NativeMethodAccessorImpl.java:77) ~[na:na]
	at java.base/jdk.internal.reflect.DelegatingMethodAccessorImpl.invoke(DelegatingMethodAccessorImpl.java:43) ~[na:na]
	at java.base/java.lang.reflect.Method.invoke(Method.java:568) ~[na:na]
	at org.springframework.web.method.support.InvocableHandlerMethod.doInvoke(InvocableHandlerMethod.java:205) ~[spring-web-6.0.11.jar:6.0.11]
	at org.springframework.web.method.support.InvocableHandlerMethod.invokeForRequest(InvocableHandlerMethod.java:150) ~[spring-web-6.0.11.jar:6.0.11]
	at org.springframework.web.servlet.mvc.method.annotation.ServletInvocableHandlerMethod.invokeAndHandle(ServletInvocableHandlerMethod.java:118) ~[spring-webmvc-6.0.11.jar:6.0.11]
	at org.springframework.web.servlet.mvc.method.annotation.RequestMappingHandlerAdapter.invokeHandlerMethod(RequestMappingHandlerAdapter.java:884) ~[spring-webmvc-6.0.11.jar:6.0.11]
	at org.springframework.web.servlet.mvc.method.annotation.RequestMappingHandlerAdapter.handleInternal(RequestMappingHandlerAdapter.java:797) ~[spring-webmvc-6.0.11.jar:6.0.11]
	at org.springframework.web.servlet.mvc.method.AbstractHandlerMethodAdapter.handle(AbstractHandlerMethodAdapter.java:87) ~[spring-webmvc-6.0.11.jar:6.0.11]
	at org.springframework.web.servlet.DispatcherServlet.doDispatch(DispatcherServlet.java:1081) ~[spring-webmvc-6.0.11.jar:6.0.11]
	at org.springframework.web.servlet.DispatcherServlet.doService(DispatcherServlet.java:974) ~[spring-webmvc-6.0.11.jar:6.0.11]
	at org.springframework.web.servlet.FrameworkServlet.processRequest(FrameworkServlet.java:1011) ~[spring-webmvc-6.0.11.jar:6.0.11]
	at org.springframework.web.servlet.FrameworkServlet.doPost(FrameworkServlet.java:914) ~[spring-webmvc-6.0.11.jar:6.0.11]
	at jakarta.servlet.http.HttpServlet.service(HttpServlet.java:590) ~[tomcat-embed-core-10.1.12.jar:6.0]
	at org.springframework.web.servlet.FrameworkServlet.service(FrameworkServlet.java:885) ~[spring-webmvc-6.0.11.jar:6.0.11]
	at jakarta.servlet.http.HttpServlet.service(HttpServlet.java:658) ~[tomcat-embed-core-10.1.12.jar:6.0]
	at org.apache.catalina.core.ApplicationFilterChain.internalDoFilter(ApplicationFilterChain.java:205) ~[tomcat-embed-core-10.1.12.jar:10.1.12]
	at org.apache.catalina.core.ApplicationFilterChain.doFilter(ApplicationFilterChain.java:149) ~[tomcat-embed-core-10.1.12.jar:10.1.12]
	at org.apache.tomcat.websocket.server.WsFilter.doFilter(WsFilter.java:51) ~[tomcat-embed-websocket-10.1.12.jar:10.1.12]
	at org.apache.catalina.core.ApplicationFilterChain.internalDoFilter(ApplicationFilterChain.java:174) ~[tomcat-embed-core-10.1.12.jar:10.1.12]
	at org.apache.catalina.core.ApplicationFilterChain.doFilter(ApplicationFilterChain.java:149) ~[tomcat-embed-core-10.1.12.jar:10.1.12]
	at org.springframework.web.filter.RequestContextFilter.doFilterInternal(RequestContextFilter.java:100) ~[spring-web-6.0.11.jar:6.0.11]
	at org.springframework.web.filter.OncePerRequestFilter.doFilter(OncePerRequestFilter.java:116) ~[spring-web-6.0.11.jar:6.0.11]
	at org.apache.catalina.core.ApplicationFilterChain.internalDoFilter(ApplicationFilterChain.java:174) ~[tomcat-embed-core-10.1.12.jar:10.1.12]
	at org.apache.catalina.core.ApplicationFilterChain.doFilter(ApplicationFilterChain.java:149) ~[tomcat-embed-core-10.1.12.jar:10.1.12]
	at org.springframework.web.filter.FormContentFilter.doFilterInternal(FormContentFilter.java:93) ~[spring-web-6.0.11.jar:6.0.11]
	at org.springframework.web.filter.OncePerRequestFilter.doFilter(OncePerRequestFilter.java:116) ~[spring-web-6.0.11.jar:6.0.11]
	at org.apache.catalina.core.ApplicationFilterChain.internalDoFilter(ApplicationFilterChain.java:174) ~[tomcat-embed-core-10.1.12.jar:10.1.12]
	at org.apache.catalina.core.ApplicationFilterChain.doFilter(ApplicationFilterChain.java:149) ~[tomcat-embed-core-10.1.12.jar:10.1.12]
	at org.springframework.web.filter.CharacterEncodingFilter.doFilterInternal(CharacterEncodingFilter.java:201) ~[spring-web-6.0.11.jar:6.0.11]
	at org.springframework.web.filter.OncePerRequestFilter.doFilter(OncePerRequestFilter.java:116) ~[spring-web-6.0.11.jar:6.0.11]
	at org.apache.catalina.core.ApplicationFilterChain.internalDoFilter(ApplicationFilterChain.java:174) ~[tomcat-embed-core-10.1.12.jar:10.1.12]
	at org.apache.catalina.core.ApplicationFilterChain.doFilter(ApplicationFilterChain.java:149) ~[tomcat-embed-core-10.1.12.jar:10.1.12]
	at org.apache.catalina.core.StandardWrapperValve.invoke(StandardWrapperValve.java:166) ~[tomcat-embed-core-10.1.12.jar:10.1.12]
	at org.apache.catalina.core.StandardContextValve.invoke(StandardContextValve.java:90) ~[tomcat-embed-core-10.1.12.jar:10.1.12]
	at org.apache.catalina.authenticator.AuthenticatorBase.invoke(AuthenticatorBase.java:482) ~[tomcat-embed-core-10.1.12.jar:10.1.12]
	at org.apache.catalina.core.StandardHostValve.invoke(StandardHostValve.java:115) ~[tomcat-embed-core-10.1.12.jar:10.1.12]
	at org.apache.catalina.valves.ErrorReportValve.invoke(ErrorReportValve.java:93) ~[tomcat-embed-core-10.1.12.jar:10.1.12]
	at org.apache.catalina.core.StandardEngineValve.invoke(StandardEngineValve.java:74) ~[tomcat-embed-core-10.1.12.jar:10.1.12]
	at org.apache.catalina.connector.CoyoteAdapter.service(CoyoteAdapter.java:341) ~[tomcat-embed-core-10.1.12.jar:10.1.12]
	at org.apache.coyote.http11.Http11Processor.service(Http11Processor.java:391) ~[tomcat-embed-core-10.1.12.jar:10.1.12]
	at org.apache.coyote.AbstractProcessorLight.process(AbstractProcessorLight.java:63) ~[tomcat-embed-core-10.1.12.jar:10.1.12]
	at org.apache.coyote.AbstractProtocol$ConnectionHandler.process(AbstractProtocol.java:894) ~[tomcat-embed-core-10.1.12.jar:10.1.12]
	at org.apache.tomcat.util.net.NioEndpoint$SocketProcessor.doRun(NioEndpoint.java:1740) ~[tomcat-embed-core-10.1.12.jar:10.1.12]
	at org.apache.tomcat.util.net.SocketProcessorBase.run(SocketProcessorBase.java:52) ~[tomcat-embed-core-10.1.12.jar:10.1.12]
	at org.apache.tomcat.util.threads.ThreadPoolExecutor.runWorker(ThreadPoolExecutor.java:1191) ~[tomcat-embed-core-10.1.12.jar:10.1.12]
	at org.apache.tomcat.util.threads.ThreadPoolExecutor$Worker.run(ThreadPoolExecutor.java:659) ~[tomcat-embed-core-10.1.12.jar:10.1.12]
	at org.apache.tomcat.util.threads.TaskThread$WrappingRunnable.run(TaskThread.java:61) ~[tomcat-embed-core-10.1.12.jar:10.1.12]
	at java.base/java.lang.Thread.run(Thread.java:833) ~[na:na]
Caused by: org.hibernate.exception.ConstraintViolationException: could not execute statement [Duplicate entry '1' for key 'orders_items.UK_9uu7j0okufkkanam94v8gb2qa'] [insert into orders_items (order_order_id,items_item_id) values (?,?)]
	at org.hibernate.exception.internal.SQLExceptionTypeDelegate.convert(SQLExceptionTypeDelegate.java:60) ~[hibernate-core-6.2.7.Final.jar:6.2.7.Final]
	at org.hibernate.exception.internal.StandardSQLExceptionConverter.convert(StandardSQLExceptionConverter.java:56) ~[hibernate-core-6.2.7.Final.jar:6.2.7.Final]
	at org.hibernate.engine.jdbc.spi.SqlExceptionHelper.convert(SqlExceptionHelper.java:108) ~[hibernate-core-6.2.7.Final.jar:6.2.7.Final]
	at org.hibernate.engine.jdbc.internal.ResultSetReturnImpl.executeUpdate(ResultSetReturnImpl.java:278) ~[hibernate-core-6.2.7.Final.jar:6.2.7.Final]
	at org.hibernate.engine.jdbc.mutation.internal.AbstractMutationExecutor.performNonBatchedMutation(AbstractMutationExecutor.java:108) ~[hibernate-core-6.2.7.Final.jar:6.2.7.Final]
	at org.hibernate.engine.jdbc.mutation.internal.MutationExecutorSingleNonBatched.performNonBatchedOperations(MutationExecutorSingleNonBatched.java:40) ~[hibernate-core-6.2.7.Final.jar:6.2.7.Final]
	at org.hibernate.engine.jdbc.mutation.internal.AbstractMutationExecutor.execute(AbstractMutationExecutor.java:53) ~[hibernate-core-6.2.7.Final.jar:6.2.7.Final]
	at org.hibernate.persister.collection.mutation.InsertRowsCoordinatorStandard.insertRows(InsertRowsCoordinatorStandard.java:117) ~[hibernate-core-6.2.7.Final.jar:6.2.7.Final]
	at org.hibernate.persister.collection.BasicCollectionPersister.recreate(BasicCollectionPersister.java:114) ~[hibernate-core-6.2.7.Final.jar:6.2.7.Final]
	at org.hibernate.action.internal.CollectionRecreateAction.execute(CollectionRecreateAction.java:47) ~[hibernate-core-6.2.7.Final.jar:6.2.7.Final]
	at org.hibernate.engine.spi.ActionQueue.executeActions(ActionQueue.java:633) ~[hibernate-core-6.2.7.Final.jar:6.2.7.Final]
	at org.hibernate.engine.spi.ActionQueue.executeActions(ActionQueue.java:502) ~[hibernate-core-6.2.7.Final.jar:6.2.7.Final]
	at org.hibernate.event.internal.AbstractFlushingEventListener.performExecutions(AbstractFlushingEventListener.java:358) ~[hibernate-core-6.2.7.Final.jar:6.2.7.Final]
	at org.hibernate.event.internal.DefaultFlushEventListener.onFlush(DefaultFlushEventListener.java:39) ~[hibernate-core-6.2.7.Final.jar:6.2.7.Final]
	at org.hibernate.event.service.internal.EventListenerGroupImpl.fireEventOnEachListener(EventListenerGroupImpl.java:127) ~[hibernate-core-6.2.7.Final.jar:6.2.7.Final]
	at org.hibernate.internal.SessionImpl.doFlush(SessionImpl.java:1412) ~[hibernate-core-6.2.7.Final.jar:6.2.7.Final]
	at org.hibernate.internal.SessionImpl.managedFlush(SessionImpl.java:485) ~[hibernate-core-6.2.7.Final.jar:6.2.7.Final]
	at org.hibernate.internal.SessionImpl.flushBeforeTransactionCompletion(SessionImpl.java:2301) ~[hibernate-core-6.2.7.Final.jar:6.2.7.Final]
	at org.hibernate.internal.SessionImpl.beforeTransactionCompletion(SessionImpl.java:1966) ~[hibernate-core-6.2.7.Final.jar:6.2.7.Final]
	at org.hibernate.engine.jdbc.internal.JdbcCoordinatorImpl.beforeTransactionCompletion(JdbcCoordinatorImpl.java:439) ~[hibernate-core-6.2.7.Final.jar:6.2.7.Final]
	at org.hibernate.resource.transaction.backend.jdbc.internal.JdbcResourceLocalTransactionCoordinatorImpl.beforeCompletionCallback(JdbcResourceLocalTransactionCoordinatorImpl.java:169) ~[hibernate-core-6.2.7.Final.jar:6.2.7.Final]
	at org.hibernate.resource.transaction.backend.jdbc.internal.JdbcResourceLocalTransactionCoordinatorImpl$TransactionDriverControlImpl.commit(JdbcResourceLocalTransactionCoordinatorImpl.java:267) ~[hibernate-core-6.2.7.Final.jar:6.2.7.Final]
	at org.hibernate.engine.transaction.internal.TransactionImpl.commit(TransactionImpl.java:101) ~[hibernate-core-6.2.7.Final.jar:6.2.7.Final]
	at org.springframework.orm.jpa.JpaTransactionManager.doCommit(JpaTransactionManager.java:561) ~[spring-orm-6.0.11.jar:6.0.11]
	... 66 common frames omitted
Caused by: java.sql.SQLIntegrityConstraintViolationException: Duplicate entry '1' for key 'orders_items.UK_9uu7j0okufkkanam94v8gb2qa'
	at com.mysql.cj.jdbc.exceptions.SQLError.createSQLException(SQLError.java:118) ~[mysql-connector-j-8.0.33.jar:8.0.33]
	at com.mysql.cj.jdbc.exceptions.SQLExceptionsMapping.translateException(SQLExceptionsMapping.java:122) ~[mysql-connector-j-8.0.33.jar:8.0.33]
	at com.mysql.cj.jdbc.ClientPreparedStatement.executeInternal(ClientPreparedStatement.java:916) ~[mysql-connector-j-8.0.33.jar:8.0.33]
	at com.mysql.cj.jdbc.ClientPreparedStatement.executeUpdateInternal(ClientPreparedStatement.java:1061) ~[mysql-connector-j-8.0.33.jar:8.0.33]
	at com.mysql.cj.jdbc.ClientPreparedStatement.executeUpdateInternal(ClientPreparedStatement.java:1009) ~[mysql-connector-j-8.0.33.jar:8.0.33]
	at com.mysql.cj.jdbc.ClientPreparedStatement.executeLargeUpdate(ClientPreparedStatement.java:1320) ~[mysql-connector-j-8.0.33.jar:8.0.33]
	at com.mysql.cj.jdbc.ClientPreparedStatement.executeUpdate(ClientPreparedStatement.java:994) ~[mysql-connector-j-8.0.33.jar:8.0.33]
	at com.zaxxer.hikari.pool.ProxyPreparedStatement.executeUpdate(ProxyPreparedStatement.java:61) ~[HikariCP-5.0.1.jar:na]
	at com.zaxxer.hikari.pool.HikariProxyPreparedStatement.executeUpdate(HikariProxyPreparedStatement.java) ~[HikariCP-5.0.1.jar:na]
	at org.hibernate.engine.jdbc.internal.ResultSetReturnImpl.executeUpdate(ResultSetReturnImpl.java:275) ~[hibernate-core-6.2.7.Final.jar:6.2.7.Final]
	... 86 common frames omitted
2023-16-26 WARN Resolved [org.springframework.dao.DataIntegrityViolationException: could not execute statement [Duplicate entry '1' for key 'orders_items.UK_9uu7j0okufkkanam94v8gb2qa'] [insert into orders_items (order_order_id,items_item_id) values (?,?)]; SQL [insert into orders_items (order_order_id,items_item_id) values (?,?)]; constraint [orders_items.UK_9uu7j0okufkkanam94v8gb2qa]]
2023-24-26 INFO Restarting due to 1 class path change (0 additions, 0 deletions, 1 modification)
2023-24-26 INFO Stopping service [Tomcat]
2023-24-26 INFO Destroying Spring FrameworkServlet 'dispatcherServlet'
2023-24-26 INFO Closing JPA EntityManagerFactory for persistence unit 'default'
2023-24-26 INFO HikariPool-7 - Shutdown initiated...
2023-24-26 INFO HikariPool-7 - Shutdown completed.
2023-24-26 INFO Starting Day12SwiggyApplication using Java 17.0.6 with PID 3780 (C:\Users\ss\Desktop\NewU6\Day12_Swiggy_With_All_Final\target\classes started by ss in C:\Users\ss\Desktop\NewU6\Day12_Swiggy_With_All_Final)
2023-24-26 DEBUG Running with Spring Boot v3.1.3, Spring v6.0.11
2023-24-26 INFO No active profile set, falling back to 1 default profile: "default"
2023-24-26 INFO Bootstrapping Spring Data JPA repositories in DEFAULT mode.
2023-24-26 INFO Finished Spring Data repository scanning in 14 ms. Found 5 JPA repository interfaces.
2023-24-26 INFO Tomcat initialized with port(s): 9091 (http)
2023-24-26 INFO Starting service [Tomcat]
2023-24-26 INFO Starting Servlet engine: [Apache Tomcat/10.1.12]
2023-24-26 INFO Initializing Spring embedded WebApplicationContext
2023-24-26 INFO Root WebApplicationContext: initialization completed in 301 ms
2023-24-26 INFO HHH000204: Processing PersistenceUnitInfo [name: default]
2023-24-26 INFO HHH000021: Bytecode provider name : bytebuddy
2023-24-26 INFO No LoadTimeWeaver setup: ignoring JPA class transformer
2023-24-26 INFO HikariPool-8 - Starting...
2023-24-26 INFO HikariPool-8 - Added connection com.mysql.cj.jdbc.ConnectionImpl@11351582
2023-24-26 INFO HikariPool-8 - Start completed.
2023-24-26 INFO HHH000021: Bytecode provider name : bytebuddy
2023-24-26 INFO HHH000490: Using JtaPlatform implementation: [org.hibernate.engine.transaction.jta.platform.internal.NoJtaPlatform]
2023-24-26 INFO Initialized JPA EntityManagerFactory for persistence unit 'default'
2023-24-26 WARN spring.jpa.open-in-view is enabled by default. Therefore, database queries may be performed during view rendering. Explicitly configure spring.jpa.open-in-view to disable this warning
2023-24-26 INFO LiveReload server is running on port 35729
2023-24-26 INFO Tomcat started on port(s): 9091 (http) with context path ''
2023-24-26 INFO Started Day12SwiggyApplication in 1.032 seconds (process running for 1787.17)
2023-24-26 INFO Condition evaluation unchanged
